Log file open, 06/22/23 23:16:10
LogWindows: Failed to load 'aqProf.dll' (GetLastError=126)
LogWindows: File 'aqProf.dll' does not exist
LogWindows: Failed to load 'VtuneApi.dll' (GetLastError=126)
LogWindows: File 'VtuneApi.dll' does not exist
LogWindows: Failed to load 'VtuneApi32e.dll' (GetLastError=126)
LogWindows: File 'VtuneApi32e.dll' does not exist
LogConsoleResponse: Display: Failed to find resolution value strings in scalability ini. Falling back to default.
LogConsoleResponse: Display: Failed to find resolution value strings in scalability ini. Falling back to default.
LogPakFile: Display: Found Pak file ../../../MyEarth/Content/Paks/MyEarth-WindowsNoEditor.pak attempting to mount.
LogPakFile: Display: Mounting pak file ../../../MyEarth/Content/Paks/MyEarth-WindowsNoEditor.pak.
LogPakFile: PakFile PrimaryIndexSize=129282
LogPakFile: PakFile PathHashIndexSize=101470
LogPakFile: PakFile FullDirectoryIndexSize=220728
LogShaderLibrary: Display: ShaderCodeLibraryPakFileMountedCallback: PakFile '../../../MyEarth/Content/Paks/MyEarth-WindowsNoEditor.pak' (chunk index -1, root '../../../') mounted
LogShaderLibrary: Display: ShaderCodeLibraryPakFileMountedCallback: pending pak file info (ChunkID:-1 Root:../../../ File:../../../MyEarth/Content/Paks/MyEarth-WindowsNoEditor.pak)
LogPakFile: OnPakFileMounted2Time == 0.000052
LogPlatformFile: Not using cached read wrapper
LogTaskGraph: Started task graph with 5 named threads and 35 total threads with 3 sets of task threads.
LogStats: Stats thread started at 0.142664
LogICUInternationalization: ICU TimeZone Detection - Raw Offset: +9:00, Platform Override: ''
LogInit: Display: Loading text-based GConfig....
LogPluginManager: Mounting plugin Volumetrics
LogPluginManager: Mounting plugin BlueprintMaterialTextureNodes
LogPluginManager: Mounting plugin Landmass
LogPluginManager: Mounting plugin Paper2D
LogPluginManager: Mounting plugin AISupport
LogPluginManager: Mounting plugin EnvironmentQueryEditor
LogPluginManager: Mounting plugin LightPropagationVolume
LogPluginManager: Mounting plugin CameraShakePreviewer
LogPluginManager: Mounting plugin GameplayCameras
LogPluginManager: Mounting plugin TemplateSequence
LogPluginManager: Mounting plugin LevelSequenceEditor
LogPluginManager: Mounting plugin OodleData
LogPluginManager: Mounting plugin OodleNetwork
LogPluginManager: Mounting plugin AnimationSharing
LogPluginManager: Mounting plugin SignificanceManager
LogPluginManager: Mounting plugin PixWinPlugin
LogPluginManager: Mounting plugin PluginUtils
LogPluginManager: Mounting plugin PropertyAccessEditor
LogPluginManager: Mounting plugin UObjectPlugin
LogPluginManager: Mounting plugin AssetManagerEditor
LogPluginManager: Mounting plugin FacialAnimation
LogPluginManager: Mounting plugin GeometryMode
LogPluginManager: Mounting plugin SpeedTreeImporter
LogPluginManager: Mounting plugin DatasmithContent
LogPluginManager: Mounting plugin VariantManagerContent
LogPluginManager: Mounting plugin AlembicImporter
LogPluginManager: Mounting plugin GeometryCache
LogPluginManager: Mounting plugin AutomationUtils
LogPluginManager: Mounting plugin ScreenshotTools
LogPluginManager: Mounting plugin BackChannel
LogPluginManager: Mounting plugin ChaosClothEditor
LogPluginManager: Mounting plugin ChaosCloth
LogPluginManager: Mounting plugin ChaosEditor
LogPluginManager: Mounting plugin PlanarCut
LogPluginManager: Mounting plugin GeometryProcessing
LogPluginManager: Mounting plugin EditableMesh
LogPluginManager: Mounting plugin GeometryCollectionPlugin
LogPluginManager: Mounting plugin ProceduralMeshComponent
LogPluginManager: Mounting plugin ChaosSolverPlugin
LogPluginManager: Mounting plugin ChaosNiagara
LogPluginManager: Mounting plugin Niagara
LogPluginManager: Mounting plugin PythonScriptPlugin
LogPluginManager: Mounting plugin CharacterAI
LogPluginManager: Mounting plugin MotoSynth
LogPluginManager: Mounting plugin OpenImageDenoise
LogPluginManager: Mounting plugin PlatformCrypto
LogPluginManager: Mounting plugin MagicLeapPassableWorld
LogPluginManager: Mounting plugin MagicLeap
LogPluginManager: Mounting plugin MLSDK
LogPluginManager: Mounting plugin MagicLeapLightEstimation
LogPluginManager: Mounting plugin AvfMedia
LogPluginManager: Mounting plugin ImgMedia
LogPluginManager: Mounting plugin MediaCompositing
LogPluginManager: Mounting plugin WmfMedia
LogPluginManager: Mounting plugin MeshPainting
LogPluginManager: Mounting plugin TcpMessaging
LogPluginManager: Mounting plugin UdpMessaging
LogPluginManager: Mounting plugin ActorSequence
LogPluginManager: Mounting plugin MatineeToLevelSequence
LogPluginManager: Mounting plugin OnlineSubsystemNull
LogPluginManager: Mounting plugin OnlineSubsystem
LogPluginManager: Mounting plugin OnlineSubsystemUtils
LogPluginManager: Mounting plugin LauncherChunkInstaller
LogPluginManager: Mounting plugin ActorLayerUtilities
LogPluginManager: Mounting plugin AndroidPermission
LogPluginManager: Mounting plugin AppleImageUtils
LogPluginManager: Mounting plugin ArchVisCharacter
LogPluginManager: Mounting plugin AssetTags
LogPluginManager: Mounting plugin AudioCapture
LogPluginManager: Mounting plugin CableComponent
LogPluginManager: Mounting plugin ChunkDownloader
LogPluginManager: Mounting plugin CustomMeshComponent
LogPluginManager: Mounting plugin ExampleDeviceProfileSelector
LogPluginManager: Mounting plugin GooglePAD
LogPluginManager: Mounting plugin LocationServicesBPLibrary
LogPluginManager: Mounting plugin MobilePatchingUtils
LogPluginManager: Mounting plugin OculusVR
LogPluginManager: Mounting plugin OpenXREyeTracker
LogPluginManager: Mounting plugin OpenXR
LogPluginManager: Mounting plugin OpenXRHandTracking
LogPluginManager: Mounting plugin LiveLink
LogPluginManager: Mounting plugin Takes
LogPluginManager: Mounting plugin PhysXVehicles
LogPluginManager: Mounting plugin RuntimePhysXCooking
LogPluginManager: Mounting plugin SoundFields
LogPluginManager: Mounting plugin SteamVR
LogPluginManager: Mounting plugin Synthesis
LogPluginManager: Mounting plugin AudioSynesthesia
LogPluginManager: Mounting plugin WebMMoviePlayer
LogPluginManager: Mounting plugin WebMMedia
LogPluginManager: Mounting plugin WindowsMoviePlayer
PixWinPlugin: PIX capture plugin failed to initialize! Check that the process is launched from PIX.
LogLuminAPIImpl: Warning: MLSDK not found.  This likely means the MLSDK environment variable is not set.
LogInit: Using libcurl 7.55.1-DEV
LogInit:  - built for x86_64-pc-win32
LogInit:  - supports SSL with OpenSSL/1.1.1
LogInit:  - supports HTTP deflate (compression) using libz 1.2.8
LogInit:  - other features:
LogInit:      CURL_VERSION_SSL
LogInit:      CURL_VERSION_LIBZ
LogInit:      CURL_VERSION_IPV6
LogInit:      CURL_VERSION_ASYNCHDNS
LogInit:      CURL_VERSION_LARGEFILE
LogInit:      CURL_VERSION_IDN
LogInit:  CurlRequestOptions (configurable via config and command line):
LogInit:  - bVerifyPeer = true  - Libcurl will verify peer certificate
LogInit:  - bUseHttpProxy = false  - Libcurl will NOT use HTTP proxy
LogInit:  - bDontReuseConnections = false  - Libcurl will reuse connections
LogInit:  - MaxHostConnections = 16  - Libcurl will limit the number of connections to a host
LogInit:  - LocalHostAddr = Default
LogInit:  - BufferSize = 65536
LogOnline: OSS: Creating online subsystem instance for: NULL
LogInit: WinSock: version 1.1 (2.2), MaxSocks=32767, MaxUdp=65467
LogOnline: OSS: TryLoadSubsystemAndSetDefault: Loaded subsystem for module [NULL]
LogOculusPluginWrapper: OculusPlugin initialized successfully
LogHMD: Failed initializing OVRPlugin 1.59.0
LogInit: Build: ++UE4+Release-4.27-CL-18319896
LogInit: Engine Version: 4.27.2-18319896+++UE4+Release-4.27
LogInit: Compatible Engine Version: 4.27.0-17155196+++UE4+Release-4.27
LogInit: Net CL: 17155196
LogInit: OS: Windows 10 (Release 2009) (), CPU: AMD Ryzen 5 3600 6-Core Processor              , GPU: NVIDIA GeForce RTX 2060
LogInit: Compiled (64-bit): Nov 30 2021 07:26:28
LogInit: Compiled with Visual C++: 19.16.27032.01
LogInit: Build Configuration: Development
LogInit: Branch Name: ++UE4+Release-4.27
LogInit: Command Line: 
LogInit: Base Directory: E:/Github Workspace/MyEarth/WindowsNoEditor/MyEarth/Binaries/Win64/
LogInit: Allocator: binned2
LogInit: Installed Engine Build: 0
LogDevObjectVersion: Number of dev versions registered: 29
LogDevObjectVersion:   Dev-Blueprints (B0D832E4-1F89-4F0D-ACCF-7EB736FD4AA2): 10
LogDevObjectVersion:   Dev-Build (E1C64328-A22C-4D53-A36C-8E866417BD8C): 0
LogDevObjectVersion:   Dev-Core (375EC13C-06E4-48FB-B500-84F0262A717E): 4
LogDevObjectVersion:   Dev-Editor (E4B068ED-F494-42E9-A231-DA0B2E46BB41): 40
LogDevObjectVersion:   Dev-Framework (CFFC743F-43B0-4480-9391-14DF171D2073): 37
LogDevObjectVersion:   Dev-Mobile (B02B49B5-BB20-44E9-A304-32B752E40360): 3
LogDevObjectVersion:   Dev-Networking (A4E4105C-59A1-49B5-A7C5-40C4547EDFEE): 0
LogDevObjectVersion:   Dev-Online (39C831C9-5AE6-47DC-9A44-9C173E1C8E7C): 0
LogDevObjectVersion:   Dev-Physics (78F01B33-EBEA-4F98-B9B4-84EACCB95AA2): 14
LogDevObjectVersion:   Dev-Platform (6631380F-2D4D-43E0-8009-CF276956A95A): 0
LogDevObjectVersion:   Dev-Rendering (12F88B9F-8875-4AFC-A67C-D90C383ABD29): 45
LogDevObjectVersion:   Dev-Sequencer (7B5AE74C-D270-4C10-A958-57980B212A5A): 13
LogDevObjectVersion:   Dev-VR (D7296918-1DD6-4BDD-9DE2-64A83CC13884): 3
LogDevObjectVersion:   Dev-LoadTimes (C2A15278-BFE7-4AFE-6C17-90FF531DF755): 1
LogDevObjectVersion:   Private-Geometry (6EACA3D4-40EC-4CC1-B786-8BED09428FC5): 3
LogDevObjectVersion:   Dev-AnimPhys (29E575DD-E0A3-4627-9D10-D276232CDCEA): 17
LogDevObjectVersion:   Dev-Anim (AF43A65D-7FD3-4947-9873-3E8ED9C1BB05): 15
LogDevObjectVersion:   Dev-ReflectionCapture (6B266CEC-1EC7-4B8F-A30B-E4D90942FC07): 1
LogDevObjectVersion:   Dev-Automation (0DF73D61-A23F-47EA-B727-89E90C41499A): 1
LogDevObjectVersion:   FortniteMain (601D1886-AC64-4F84-AA16-D3DE0DEAC7D6): 47
LogDevObjectVersion:   FortniteRelease (E7086368-6B23-4C58-8439-1B7016265E91): 1
LogDevObjectVersion:   Dev-Enterprise (9DFFBCD6-494F-0158-E221-12823C92A888): 10
LogDevObjectVersion:   Dev-Niagara (F2AED0AC-9AFE-416F-8664-AA7FFA26D6FC): 1
LogDevObjectVersion:   Dev-Destruction (174F1F0B-B4C6-45A5-B13F-2EE8D0FB917D): 10
LogDevObjectVersion:   Dev-Physics-Ext (35F94A83-E258-406C-A318-09F59610247C): 41
LogDevObjectVersion:   Dev-PhysicsMaterial-Chaos (B68FC16E-8B1B-42E2-B453-215C058844FE): 1
LogDevObjectVersion:   Dev-CineCamera (B2E18506-4273-CFC2-A54E-F4BB758BBA07): 1
LogDevObjectVersion:   Dev-VirtualProduction (64F58936-FD1B-42BA-BA96-7289D5D0FA4E): 1
LogDevObjectVersion:   Dev-MediaFramework (6F0ED827-A609-4895-9C91-998D90180EA4): 2
LogInit: Presizing for max 2097152 objects, including 1 objects not considered by GC, pre-allocating 0 bytes for permanent pool.
LogConfig: Applying CVar settings from Section [/Script/Engine.StreamingSettings] File [../../../MyEarth/Saved/Config/WindowsNoEditor/Engine.ini]
LogConfig: Setting CVar [[s.MinBulkDataSizeForAsyncLoading:131072]]
LogConfig: Setting CVar [[s.AsyncLoadingThreadEnabled:1]]
LogConfig: Setting CVar [[s.EventDrivenLoaderEnabled:1]]
LogConfig: Setting CVar [[s.WarnIfTimeLimitExceeded:0]]
LogConfig: Setting CVar [[s.TimeLimitExceededMultiplier:1.5]]
LogConfig: Setting CVar [[s.TimeLimitExceededMinTime:0.005]]
LogConfig: Setting CVar [[s.UseBackgroundLevelStreaming:1]]
LogConfig: Setting CVar [[s.PriorityAsyncLoadingExtraTime:15.0]]
LogConfig: Setting CVar [[s.LevelStreamingActorsUpdateTimeLimit:5.0]]
LogConfig: Setting CVar [[s.PriorityLevelStreamingActorsUpdateExtraTime:5.0]]
LogConfig: Setting CVar [[s.LevelStreamingComponentsRegistrationGranularity:10]]
LogConfig: Setting CVar [[s.UnregisterComponentsTimeLimit:1.0]]
LogConfig: Setting CVar [[s.LevelStreamingComponentsUnregistrationGranularity:5]]
LogConfig: Setting CVar [[s.FlushStreamingOnExit:1]]
LogStreaming: Display: Async Loading initialized: Event Driven Loader: true, Async Loading Thread: true, Async Post Load: true
LogInit: Object subsystem initialized
LogConfig: Setting CVar [[con.DebugEarlyDefault:1]]
LogConfig: Setting CVar [[r.setres:1280x720]]
LogConfig: Setting CVar [[fx.NiagaraAllowRuntimeScalabilityChanges:1]]
[2023.06.22-14.16.11:085][  0]LogConfig: Setting CVar [[con.DebugEarlyDefault:1]]
[2023.06.22-14.16.11:085][  0]LogConfig: Setting CVar [[r.setres:1280x720]]
[2023.06.22-14.16.11:085][  0]LogConfig: Setting CVar [[fx.NiagaraAllowRuntimeScalabilityChanges:1]]
[2023.06.22-14.16.11:085][  0]LogConfig: Applying CVar settings from Section [/Script/Engine.RendererSettings] File [../../../MyEarth/Saved/Config/WindowsNoEditor/Engine.ini]
[2023.06.22-14.16.11:085][  0]LogConfig: Setting CVar [[r.GPUCrashDebugging:0]]
[2023.06.22-14.16.11:085][  0]LogConfig: Applying CVar settings from Section [/Script/Engine.RendererOverrideSettings] File [../../../MyEarth/Saved/Config/WindowsNoEditor/Engine.ini]
[2023.06.22-14.16.11:085][  0]LogConfig: Applying CVar settings from Section [/Script/Engine.StreamingSettings] File [../../../MyEarth/Saved/Config/WindowsNoEditor/Engine.ini]
[2023.06.22-14.16.11:085][  0]LogConfig: Setting CVar [[s.MinBulkDataSizeForAsyncLoading:131072]]
[2023.06.22-14.16.11:085][  0]LogConfig: Setting CVar [[s.AsyncLoadingThreadEnabled:1]]
[2023.06.22-14.16.11:085][  0]LogConfig: Setting CVar [[s.EventDrivenLoaderEnabled:1]]
[2023.06.22-14.16.11:085][  0]LogConfig: Setting CVar [[s.WarnIfTimeLimitExceeded:0]]
[2023.06.22-14.16.11:085][  0]LogConfig: Setting CVar [[s.TimeLimitExceededMultiplier:1.5]]
[2023.06.22-14.16.11:085][  0]LogConfig: Setting CVar [[s.TimeLimitExceededMinTime:0.005]]
[2023.06.22-14.16.11:085][  0]LogConfig: Setting CVar [[s.UseBackgroundLevelStreaming:1]]
[2023.06.22-14.16.11:085][  0]LogConfig: Setting CVar [[s.PriorityAsyncLoadingExtraTime:15.0]]
[2023.06.22-14.16.11:085][  0]LogConfig: Setting CVar [[s.LevelStreamingActorsUpdateTimeLimit:5.0]]
[2023.06.22-14.16.11:085][  0]LogConfig: Setting CVar [[s.PriorityLevelStreamingActorsUpdateExtraTime:5.0]]
[2023.06.22-14.16.11:085][  0]LogConfig: Setting CVar [[s.LevelStreamingComponentsRegistrationGranularity:10]]
[2023.06.22-14.16.11:085][  0]LogConfig: Setting CVar [[s.UnregisterComponentsTimeLimit:1.0]]
[2023.06.22-14.16.11:086][  0]LogConfig: Setting CVar [[s.LevelStreamingComponentsUnregistrationGranularity:5]]
[2023.06.22-14.16.11:086][  0]LogConfig: Setting CVar [[s.FlushStreamingOnExit:1]]
[2023.06.22-14.16.11:086][  0]LogConfig: Applying CVar settings from Section [/Script/Engine.GarbageCollectionSettings] File [../../../MyEarth/Saved/Config/WindowsNoEditor/Engine.ini]
[2023.06.22-14.16.11:086][  0]LogConfig: Setting CVar [[gc.MaxObjectsNotConsideredByGC:1]]
[2023.06.22-14.16.11:086][  0]LogConfig: Setting CVar [[gc.SizeOfPermanentObjectPool:0]]
[2023.06.22-14.16.11:086][  0]LogConfig: Setting CVar [[gc.FlushStreamingOnGC:0]]
[2023.06.22-14.16.11:086][  0]LogConfig: Setting CVar [[gc.NumRetriesBeforeForcingGC:10]]
[2023.06.22-14.16.11:086][  0]LogConfig: Setting CVar [[gc.AllowParallelGC:1]]
[2023.06.22-14.16.11:086][  0]LogConfig: Setting CVar [[gc.TimeBetweenPurgingPendingKillObjects:61.1]]
[2023.06.22-14.16.11:086][  0]LogConfig: Setting CVar [[gc.MaxObjectsInEditor:25165824]]
[2023.06.22-14.16.11:086][  0]LogConfig: Setting CVar [[gc.IncrementalBeginDestroyEnabled:1]]
[2023.06.22-14.16.11:086][  0]LogConfig: Setting CVar [[gc.CreateGCClusters:1]]
[2023.06.22-14.16.11:086][  0]LogConfig: Setting CVar [[gc.MinGCClusterSize:5]]
[2023.06.22-14.16.11:086][  0]LogConfig: Setting CVar [[gc.ActorClusteringEnabled:0]]
[2023.06.22-14.16.11:086][  0]LogConfig: Setting CVar [[gc.BlueprintClusteringEnabled:0]]
[2023.06.22-14.16.11:086][  0]LogConfig: Setting CVar [[gc.UseDisregardForGCOnDedicatedServers:0]]
[2023.06.22-14.16.11:086][  0]LogConfig: Setting CVar [[gc.MultithreadedDestructionEnabled:1]]
[2023.06.22-14.16.11:086][  0]LogConfig: Applying CVar settings from Section [/Script/Engine.NetworkSettings] File [../../../MyEarth/Saved/Config/WindowsNoEditor/Engine.ini]
[2023.06.22-14.16.11:207][  0]LogConfig: Applying CVar settings from Section [ViewDistanceQuality@3] File [../../../MyEarth/Saved/Config/WindowsNoEditor/Scalability.ini]
[2023.06.22-14.16.11:207][  0]LogConfig: Setting CVar [[r.SkeletalMeshLODBias:0]]
[2023.06.22-14.16.11:207][  0]LogConfig: Setting CVar [[r.ViewDistanceScale:1.0]]
[2023.06.22-14.16.11:207][  0]LogConfig: Applying CVar settings from Section [AntiAliasingQuality@3] File [../../../MyEarth/Saved/Config/WindowsNoEditor/Scalability.ini]
[2023.06.22-14.16.11:207][  0]LogConfig: Setting CVar [[r.PostProcessAAQuality:4]]
[2023.06.22-14.16.11:207][  0]LogConfig: Applying CVar settings from Section [ShadowQuality@3] File [../../../MyEarth/Saved/Config/WindowsNoEditor/Scalability.ini]
[2023.06.22-14.16.11:207][  0]LogConfig: Setting CVar [[r.LightFunctionQuality:1]]
[2023.06.22-14.16.11:207][  0]LogConfig: Setting CVar [[r.ShadowQuality:5]]
[2023.06.22-14.16.11:207][  0]LogConfig: Setting CVar [[r.Shadow.CSM.MaxCascades:10]]
[2023.06.22-14.16.11:207][  0]LogConfig: Setting CVar [[r.Shadow.MaxResolution:2048]]
[2023.06.22-14.16.11:207][  0]LogConfig: Setting CVar [[r.Shadow.MaxCSMResolution:2048]]
[2023.06.22-14.16.11:207][  0]LogConfig: Setting CVar [[r.Shadow.RadiusThreshold:0.01]]
[2023.06.22-14.16.11:207][  0]LogConfig: Setting CVar [[r.Shadow.DistanceScale:1.0]]
[2023.06.22-14.16.11:207][  0]LogConfig: Setting CVar [[r.Shadow.CSM.TransitionScale:1.0]]
[2023.06.22-14.16.11:207][  0]LogConfig: Setting CVar [[r.Shadow.PreShadowResolutionFactor:1.0]]
[2023.06.22-14.16.11:207][  0]LogConfig: Setting CVar [[r.DistanceFieldShadowing:1]]
[2023.06.22-14.16.11:207][  0]LogConfig: Setting CVar [[r.DistanceFieldAO:1]]
[2023.06.22-14.16.11:207][  0]LogConfig: Setting CVar [[r.AOQuality:2]]
[2023.06.22-14.16.11:207][  0]LogConfig: Setting CVar [[r.VolumetricFog:1]]
[2023.06.22-14.16.11:207][  0]LogConfig: Setting CVar [[r.VolumetricFog.GridPixelSize:8]]
[2023.06.22-14.16.11:207][  0]LogConfig: Setting CVar [[r.VolumetricFog.GridSizeZ:128]]
[2023.06.22-14.16.11:207][  0]LogConfig: Setting CVar [[r.VolumetricFog.HistoryMissSupersampleCount:4]]
[2023.06.22-14.16.11:207][  0]LogConfig: Setting CVar [[r.LightMaxDrawDistanceScale:1]]
[2023.06.22-14.16.11:207][  0]LogConfig: Setting CVar [[r.CapsuleShadows:1]]
[2023.06.22-14.16.11:207][  0]LogConfig: Applying CVar settings from Section [PostProcessQuality@3] File [../../../MyEarth/Saved/Config/WindowsNoEditor/Scalability.ini]
[2023.06.22-14.16.11:207][  0]LogConfig: Setting CVar [[r.MotionBlurQuality:4]]
[2023.06.22-14.16.11:207][  0]LogConfig: Setting CVar [[r.AmbientOcclusionMipLevelFactor:0.4]]
[2023.06.22-14.16.11:207][  0]LogConfig: Setting CVar [[r.AmbientOcclusionMaxQuality:100]]
[2023.06.22-14.16.11:207][  0]LogConfig: Setting CVar [[r.AmbientOcclusionLevels:-1]]
[2023.06.22-14.16.11:207][  0]LogConfig: Setting CVar [[r.AmbientOcclusionRadiusScale:1.0]]
[2023.06.22-14.16.11:207][  0]LogConfig: Setting CVar [[r.DepthOfFieldQuality:2]]
[2023.06.22-14.16.11:207][  0]LogConfig: Setting CVar [[r.RenderTargetPoolMin:400]]
[2023.06.22-14.16.11:207][  0]LogConfig: Setting CVar [[r.LensFlareQuality:2]]
[2023.06.22-14.16.11:207][  0]LogConfig: Setting CVar [[r.SceneColorFringeQuality:1]]
[2023.06.22-14.16.11:207][  0]LogConfig: Setting CVar [[r.EyeAdaptationQuality:2]]
[2023.06.22-14.16.11:207][  0]LogConfig: Setting CVar [[r.BloomQuality:5]]
[2023.06.22-14.16.11:207][  0]LogConfig: Setting CVar [[r.FastBlurThreshold:100]]
[2023.06.22-14.16.11:207][  0]LogConfig: Setting CVar [[r.Upscale.Quality:3]]
[2023.06.22-14.16.11:207][  0]LogConfig: Setting CVar [[r.Tonemapper.GrainQuantization:1]]
[2023.06.22-14.16.11:207][  0]LogConfig: Setting CVar [[r.LightShaftQuality:1]]
[2023.06.22-14.16.11:207][  0]LogConfig: Setting CVar [[r.Filter.SizeScale:1]]
[2023.06.22-14.16.11:207][  0]LogConfig: Setting CVar [[r.Tonemapper.Quality:5]]
[2023.06.22-14.16.11:207][  0]LogConfig: Setting CVar [[r.DOF.Gather.AccumulatorQuality:1        ; higher gathering accumulator quality]]
[2023.06.22-14.16.11:207][  0]LogConfig: Setting CVar [[r.DOF.Gather.PostfilterMethod:1          ; Median3x3 postfilering method]]
[2023.06.22-14.16.11:208][  0]LogConfig: Setting CVar [[r.DOF.Gather.EnableBokehSettings:0       ; no bokeh simulation when gathering]]
[2023.06.22-14.16.11:208][  0]LogConfig: Setting CVar [[r.DOF.Gather.RingCount:4                 ; medium number of samples when gathering]]
[2023.06.22-14.16.11:208][  0]LogConfig: Setting CVar [[r.DOF.Scatter.ForegroundCompositing:1    ; additive foreground scattering]]
[2023.06.22-14.16.11:208][  0]LogConfig: Setting CVar [[r.DOF.Scatter.BackgroundCompositing:2    ; additive background scattering]]
[2023.06.22-14.16.11:208][  0]LogConfig: Setting CVar [[r.DOF.Scatter.EnableBokehSettings:1      ; bokeh simulation when scattering]]
[2023.06.22-14.16.11:208][  0]LogConfig: Setting CVar [[r.DOF.Scatter.MaxSpriteRatio:0.1         ; only a maximum of 10% of scattered bokeh]]
[2023.06.22-14.16.11:208][  0]LogConfig: Setting CVar [[r.DOF.Recombine.Quality:1                ; cheap slight out of focus]]
[2023.06.22-14.16.11:208][  0]LogConfig: Setting CVar [[r.DOF.Recombine.EnableBokehSettings:0    ; no bokeh simulation on slight out of focus]]
[2023.06.22-14.16.11:208][  0]LogConfig: Setting CVar [[r.DOF.TemporalAAQuality:1                ; more stable temporal accumulation]]
[2023.06.22-14.16.11:208][  0]LogConfig: Setting CVar [[r.DOF.Kernel.MaxForegroundRadius:0.025]]
[2023.06.22-14.16.11:208][  0]LogConfig: Setting CVar [[r.DOF.Kernel.MaxBackgroundRadius:0.025]]
[2023.06.22-14.16.11:208][  0]LogConfig: Applying CVar settings from Section [TextureQuality@3] File [../../../MyEarth/Saved/Config/WindowsNoEditor/Scalability.ini]
[2023.06.22-14.16.11:208][  0]LogConfig: Setting CVar [[r.Streaming.MipBias:0]]
[2023.06.22-14.16.11:208][  0]LogConfig: Setting CVar [[r.Streaming.AmortizeCPUToGPUCopy:0]]
[2023.06.22-14.16.11:208][  0]LogConfig: Setting CVar [[r.Streaming.MaxNumTexturesToStreamPerFrame:0]]
[2023.06.22-14.16.11:208][  0]LogConfig: Setting CVar [[r.Streaming.Boost:1]]
[2023.06.22-14.16.11:208][  0]LogConfig: Setting CVar [[r.MaxAnisotropy:8]]
[2023.06.22-14.16.11:208][  0]LogConfig: Setting CVar [[r.VT.MaxAnisotropy:8]]
[2023.06.22-14.16.11:208][  0]LogConfig: Setting CVar [[r.Streaming.LimitPoolSizeToVRAM:0]]
[2023.06.22-14.16.11:208][  0]LogConfig: Setting CVar [[r.Streaming.PoolSize:1000]]
[2023.06.22-14.16.11:208][  0]LogConfig: Setting CVar [[r.Streaming.MaxEffectiveScreenSize:0]]
[2023.06.22-14.16.11:208][  0]LogConfig: Applying CVar settings from Section [EffectsQuality@3] File [../../../MyEarth/Saved/Config/WindowsNoEditor/Scalability.ini]
[2023.06.22-14.16.11:208][  0]LogConfig: Setting CVar [[r.TranslucencyLightingVolumeDim:64]]
[2023.06.22-14.16.11:208][  0]LogConfig: Setting CVar [[r.RefractionQuality:2]]
[2023.06.22-14.16.11:208][  0]LogConfig: Setting CVar [[r.SSR.Quality:3]]
[2023.06.22-14.16.11:208][  0]LogConfig: Setting CVar [[r.SSR.HalfResSceneColor:0]]
[2023.06.22-14.16.11:208][  0]LogConfig: Setting CVar [[r.SceneColorFormat:4]]
[2023.06.22-14.16.11:208][  0]LogConfig: Setting CVar [[r.DetailMode:2]]
[2023.06.22-14.16.11:208][  0]LogConfig: Setting CVar [[r.TranslucencyVolumeBlur:1]]
[2023.06.22-14.16.11:208][  0]LogConfig: Setting CVar [[r.MaterialQualityLevel:1 ; High quality]]
[2023.06.22-14.16.11:208][  0]LogConfig: Setting CVar [[r.AnisotropicMaterials:1]]
[2023.06.22-14.16.11:208][  0]LogConfig: Setting CVar [[r.SSS.Scale:1]]
[2023.06.22-14.16.11:208][  0]LogConfig: Setting CVar [[r.SSS.SampleSet:2]]
[2023.06.22-14.16.11:208][  0]LogConfig: Setting CVar [[r.SSS.Quality:1]]
[2023.06.22-14.16.11:208][  0]LogConfig: Setting CVar [[r.SSS.HalfRes:0]]
[2023.06.22-14.16.11:208][  0]LogConfig: Setting CVar [[r.SSGI.Quality:3]]
[2023.06.22-14.16.11:208][  0]LogConfig: Setting CVar [[r.EmitterSpawnRateScale:1.0]]
[2023.06.22-14.16.11:208][  0]LogConfig: Setting CVar [[r.ParticleLightQuality:2]]
[2023.06.22-14.16.11:208][  0]LogConfig: Setting CVar [[r.SkyAtmosphere.AerialPerspectiveLUT.FastApplyOnOpaque:1 ; Always have FastSkyLUT 1 in this case to avoid wrong sky]]
[2023.06.22-14.16.11:208][  0]LogConfig: Setting CVar [[r.SkyAtmosphere.AerialPerspectiveLUT.SampleCountMaxPerSlice:4]]
[2023.06.22-14.16.11:208][  0]LogConfig: Setting CVar [[r.SkyAtmosphere.AerialPerspectiveLUT.DepthResolution:16.0]]
[2023.06.22-14.16.11:208][  0]LogConfig: Setting CVar [[r.SkyAtmosphere.FastSkyLUT:1]]
[2023.06.22-14.16.11:208][  0]LogConfig: Setting CVar [[r.SkyAtmosphere.FastSkyLUT.SampleCountMin:4.0]]
[2023.06.22-14.16.11:208][  0]LogConfig: Setting CVar [[r.SkyAtmosphere.FastSkyLUT.SampleCountMax:128.0]]
[2023.06.22-14.16.11:208][  0]LogConfig: Setting CVar [[r.SkyAtmosphere.SampleCountMin:4.0]]
[2023.06.22-14.16.11:208][  0]LogConfig: Setting CVar [[r.SkyAtmosphere.SampleCountMax:128.0]]
[2023.06.22-14.16.11:208][  0]LogConfig: Setting CVar [[r.SkyAtmosphere.TransmittanceLUT.UseSmallFormat:0]]
[2023.06.22-14.16.11:208][  0]LogConfig: Setting CVar [[r.SkyAtmosphere.TransmittanceLUT.SampleCount:10.0]]
[2023.06.22-14.16.11:208][  0]LogConfig: Setting CVar [[r.SkyAtmosphere.MultiScatteringLUT.SampleCount:15.0]]
[2023.06.22-14.16.11:208][  0]LogConfig: Setting CVar [[r.SkyLight.RealTimeReflectionCapture:1]]
[2023.06.22-14.16.11:208][  0]LogConfig: Setting CVar [[fx.Niagara.QualityLevel:3]]
[2023.06.22-14.16.11:208][  0]LogConfig: Applying CVar settings from Section [FoliageQuality@3] File [../../../MyEarth/Saved/Config/WindowsNoEditor/Scalability.ini]
[2023.06.22-14.16.11:208][  0]LogConfig: Setting CVar [[foliage.DensityScale:1.0]]
[2023.06.22-14.16.11:208][  0]LogConfig: Setting CVar [[grass.DensityScale:1.0]]
[2023.06.22-14.16.11:208][  0]LogConfig: Applying CVar settings from Section [ShadingQuality@3] File [../../../MyEarth/Saved/Config/WindowsNoEditor/Scalability.ini]
[2023.06.22-14.16.11:208][  0]LogConfig: Setting CVar [[r.HairStrands.SkyLighting.IntegrationType:2]]
[2023.06.22-14.16.11:208][  0]LogConfig: Setting CVar [[r.HairStrands.SkyAO.SampleCount:4]]
[2023.06.22-14.16.11:208][  0]LogConfig: Setting CVar [[r.HairStrands.Visibility.MSAA.SamplePerPixel:4]]
[2023.06.22-14.16.11:208][  0]LogInit: Selected Device Profile: [WindowsNoEditor]
[2023.06.22-14.16.11:208][  0]LogInit: Applying CVar settings loaded from the selected device profile: [WindowsNoEditor]
[2023.06.22-14.16.11:208][  0]LogHAL: Display: Platform has ~ 16 GB [17126510592 / 17179869184 / 16], which maps to Larger [LargestMinGB=32, LargerMinGB=12, DefaultMinGB=8, SmallerMinGB=6, SmallestMinGB=0)
[2023.06.22-14.16.11:208][  0]LogInit: Going up to parent DeviceProfile [Windows]
[2023.06.22-14.16.11:208][  0]LogInit: Going up to parent DeviceProfile []
[2023.06.22-14.16.11:208][  0]LogConfig: Applying CVar settings from Section [ViewDistanceQuality@3] File [../../../MyEarth/Saved/Config/WindowsNoEditor/Scalability.ini]
[2023.06.22-14.16.11:208][  0]LogConfig: Setting CVar [[r.SkeletalMeshLODBias:0]]
[2023.06.22-14.16.11:208][  0]LogConfig: Setting CVar [[r.ViewDistanceScale:1.0]]
[2023.06.22-14.16.11:208][  0]LogConfig: Applying CVar settings from Section [AntiAliasingQuality@3] File [../../../MyEarth/Saved/Config/WindowsNoEditor/Scalability.ini]
[2023.06.22-14.16.11:208][  0]LogConfig: Setting CVar [[r.PostProcessAAQuality:4]]
[2023.06.22-14.16.11:208][  0]LogConfig: Applying CVar settings from Section [ShadowQuality@3] File [../../../MyEarth/Saved/Config/WindowsNoEditor/Scalability.ini]
[2023.06.22-14.16.11:208][  0]LogConfig: Setting CVar [[r.LightFunctionQuality:1]]
[2023.06.22-14.16.11:208][  0]LogConfig: Setting CVar [[r.ShadowQuality:5]]
[2023.06.22-14.16.11:208][  0]LogConfig: Setting CVar [[r.Shadow.CSM.MaxCascades:10]]
[2023.06.22-14.16.11:208][  0]LogConfig: Setting CVar [[r.Shadow.MaxResolution:2048]]
[2023.06.22-14.16.11:208][  0]LogConfig: Setting CVar [[r.Shadow.MaxCSMResolution:2048]]
[2023.06.22-14.16.11:208][  0]LogConfig: Setting CVar [[r.Shadow.RadiusThreshold:0.01]]
[2023.06.22-14.16.11:208][  0]LogConfig: Setting CVar [[r.Shadow.DistanceScale:1.0]]
[2023.06.22-14.16.11:208][  0]LogConfig: Setting CVar [[r.Shadow.CSM.TransitionScale:1.0]]
[2023.06.22-14.16.11:208][  0]LogConfig: Setting CVar [[r.Shadow.PreShadowResolutionFactor:1.0]]
[2023.06.22-14.16.11:208][  0]LogConfig: Setting CVar [[r.DistanceFieldShadowing:1]]
[2023.06.22-14.16.11:208][  0]LogConfig: Setting CVar [[r.DistanceFieldAO:1]]
[2023.06.22-14.16.11:208][  0]LogConfig: Setting CVar [[r.AOQuality:2]]
[2023.06.22-14.16.11:208][  0]LogConfig: Setting CVar [[r.VolumetricFog:1]]
[2023.06.22-14.16.11:208][  0]LogConfig: Setting CVar [[r.VolumetricFog.GridPixelSize:8]]
[2023.06.22-14.16.11:208][  0]LogConfig: Setting CVar [[r.VolumetricFog.GridSizeZ:128]]
[2023.06.22-14.16.11:208][  0]LogConfig: Setting CVar [[r.VolumetricFog.HistoryMissSupersampleCount:4]]
[2023.06.22-14.16.11:209][  0]LogConfig: Setting CVar [[r.LightMaxDrawDistanceScale:1]]
[2023.06.22-14.16.11:209][  0]LogConfig: Setting CVar [[r.CapsuleShadows:1]]
[2023.06.22-14.16.11:209][  0]LogConfig: Applying CVar settings from Section [PostProcessQuality@3] File [../../../MyEarth/Saved/Config/WindowsNoEditor/Scalability.ini]
[2023.06.22-14.16.11:209][  0]LogConfig: Setting CVar [[r.MotionBlurQuality:4]]
[2023.06.22-14.16.11:209][  0]LogConfig: Setting CVar [[r.AmbientOcclusionMipLevelFactor:0.4]]
[2023.06.22-14.16.11:209][  0]LogConfig: Setting CVar [[r.AmbientOcclusionMaxQuality:100]]
[2023.06.22-14.16.11:209][  0]LogConfig: Setting CVar [[r.AmbientOcclusionLevels:-1]]
[2023.06.22-14.16.11:209][  0]LogConfig: Setting CVar [[r.AmbientOcclusionRadiusScale:1.0]]
[2023.06.22-14.16.11:209][  0]LogConfig: Setting CVar [[r.DepthOfFieldQuality:2]]
[2023.06.22-14.16.11:209][  0]LogConfig: Setting CVar [[r.RenderTargetPoolMin:400]]
[2023.06.22-14.16.11:209][  0]LogConfig: Setting CVar [[r.LensFlareQuality:2]]
[2023.06.22-14.16.11:209][  0]LogConfig: Setting CVar [[r.SceneColorFringeQuality:1]]
[2023.06.22-14.16.11:209][  0]LogConfig: Setting CVar [[r.EyeAdaptationQuality:2]]
[2023.06.22-14.16.11:209][  0]LogConfig: Setting CVar [[r.BloomQuality:5]]
[2023.06.22-14.16.11:209][  0]LogConfig: Setting CVar [[r.FastBlurThreshold:100]]
[2023.06.22-14.16.11:209][  0]LogConfig: Setting CVar [[r.Upscale.Quality:3]]
[2023.06.22-14.16.11:209][  0]LogConfig: Setting CVar [[r.Tonemapper.GrainQuantization:1]]
[2023.06.22-14.16.11:209][  0]LogConfig: Setting CVar [[r.LightShaftQuality:1]]
[2023.06.22-14.16.11:209][  0]LogConfig: Setting CVar [[r.Filter.SizeScale:1]]
[2023.06.22-14.16.11:209][  0]LogConfig: Setting CVar [[r.Tonemapper.Quality:5]]
[2023.06.22-14.16.11:209][  0]LogConfig: Setting CVar [[r.DOF.Gather.AccumulatorQuality:1        ; higher gathering accumulator quality]]
[2023.06.22-14.16.11:209][  0]LogConfig: Setting CVar [[r.DOF.Gather.PostfilterMethod:1          ; Median3x3 postfilering method]]
[2023.06.22-14.16.11:209][  0]LogConfig: Setting CVar [[r.DOF.Gather.EnableBokehSettings:0       ; no bokeh simulation when gathering]]
[2023.06.22-14.16.11:209][  0]LogConfig: Setting CVar [[r.DOF.Gather.RingCount:4                 ; medium number of samples when gathering]]
[2023.06.22-14.16.11:209][  0]LogConfig: Setting CVar [[r.DOF.Scatter.ForegroundCompositing:1    ; additive foreground scattering]]
[2023.06.22-14.16.11:209][  0]LogConfig: Setting CVar [[r.DOF.Scatter.BackgroundCompositing:2    ; additive background scattering]]
[2023.06.22-14.16.11:209][  0]LogConfig: Setting CVar [[r.DOF.Scatter.EnableBokehSettings:1      ; bokeh simulation when scattering]]
[2023.06.22-14.16.11:209][  0]LogConfig: Setting CVar [[r.DOF.Scatter.MaxSpriteRatio:0.1         ; only a maximum of 10% of scattered bokeh]]
[2023.06.22-14.16.11:209][  0]LogConfig: Setting CVar [[r.DOF.Recombine.Quality:1                ; cheap slight out of focus]]
[2023.06.22-14.16.11:209][  0]LogConfig: Setting CVar [[r.DOF.Recombine.EnableBokehSettings:0    ; no bokeh simulation on slight out of focus]]
[2023.06.22-14.16.11:209][  0]LogConfig: Setting CVar [[r.DOF.TemporalAAQuality:1                ; more stable temporal accumulation]]
[2023.06.22-14.16.11:209][  0]LogConfig: Setting CVar [[r.DOF.Kernel.MaxForegroundRadius:0.025]]
[2023.06.22-14.16.11:209][  0]LogConfig: Setting CVar [[r.DOF.Kernel.MaxBackgroundRadius:0.025]]
[2023.06.22-14.16.11:209][  0]LogConfig: Applying CVar settings from Section [TextureQuality@3] File [../../../MyEarth/Saved/Config/WindowsNoEditor/Scalability.ini]
[2023.06.22-14.16.11:209][  0]LogConfig: Setting CVar [[r.Streaming.MipBias:0]]
[2023.06.22-14.16.11:209][  0]LogConfig: Setting CVar [[r.Streaming.AmortizeCPUToGPUCopy:0]]
[2023.06.22-14.16.11:209][  0]LogConfig: Setting CVar [[r.Streaming.MaxNumTexturesToStreamPerFrame:0]]
[2023.06.22-14.16.11:209][  0]LogConfig: Setting CVar [[r.Streaming.Boost:1]]
[2023.06.22-14.16.11:209][  0]LogConfig: Setting CVar [[r.MaxAnisotropy:8]]
[2023.06.22-14.16.11:209][  0]LogConfig: Setting CVar [[r.VT.MaxAnisotropy:8]]
[2023.06.22-14.16.11:209][  0]LogConfig: Setting CVar [[r.Streaming.LimitPoolSizeToVRAM:0]]
[2023.06.22-14.16.11:209][  0]LogConfig: Setting CVar [[r.Streaming.PoolSize:1000]]
[2023.06.22-14.16.11:209][  0]LogConfig: Setting CVar [[r.Streaming.MaxEffectiveScreenSize:0]]
[2023.06.22-14.16.11:209][  0]LogConfig: Applying CVar settings from Section [EffectsQuality@3] File [../../../MyEarth/Saved/Config/WindowsNoEditor/Scalability.ini]
[2023.06.22-14.16.11:209][  0]LogConfig: Setting CVar [[r.TranslucencyLightingVolumeDim:64]]
[2023.06.22-14.16.11:209][  0]LogConfig: Setting CVar [[r.RefractionQuality:2]]
[2023.06.22-14.16.11:209][  0]LogConfig: Setting CVar [[r.SSR.Quality:3]]
[2023.06.22-14.16.11:209][  0]LogConfig: Setting CVar [[r.SSR.HalfResSceneColor:0]]
[2023.06.22-14.16.11:209][  0]LogConfig: Setting CVar [[r.SceneColorFormat:4]]
[2023.06.22-14.16.11:209][  0]LogConfig: Setting CVar [[r.DetailMode:2]]
[2023.06.22-14.16.11:209][  0]LogConfig: Setting CVar [[r.TranslucencyVolumeBlur:1]]
[2023.06.22-14.16.11:209][  0]LogConfig: Setting CVar [[r.MaterialQualityLevel:1 ; High quality]]
[2023.06.22-14.16.11:209][  0]LogConfig: Setting CVar [[r.AnisotropicMaterials:1]]
[2023.06.22-14.16.11:209][  0]LogConfig: Setting CVar [[r.SSS.Scale:1]]
[2023.06.22-14.16.11:209][  0]LogConfig: Setting CVar [[r.SSS.SampleSet:2]]
[2023.06.22-14.16.11:209][  0]LogConfig: Setting CVar [[r.SSS.Quality:1]]
[2023.06.22-14.16.11:209][  0]LogConfig: Setting CVar [[r.SSS.HalfRes:0]]
[2023.06.22-14.16.11:209][  0]LogConfig: Setting CVar [[r.SSGI.Quality:3]]
[2023.06.22-14.16.11:209][  0]LogConfig: Setting CVar [[r.EmitterSpawnRateScale:1.0]]
[2023.06.22-14.16.11:209][  0]LogConfig: Setting CVar [[r.ParticleLightQuality:2]]
[2023.06.22-14.16.11:209][  0]LogConfig: Setting CVar [[r.SkyAtmosphere.AerialPerspectiveLUT.FastApplyOnOpaque:1 ; Always have FastSkyLUT 1 in this case to avoid wrong sky]]
[2023.06.22-14.16.11:209][  0]LogConfig: Setting CVar [[r.SkyAtmosphere.AerialPerspectiveLUT.SampleCountMaxPerSlice:4]]
[2023.06.22-14.16.11:209][  0]LogConfig: Setting CVar [[r.SkyAtmosphere.AerialPerspectiveLUT.DepthResolution:16.0]]
[2023.06.22-14.16.11:209][  0]LogConfig: Setting CVar [[r.SkyAtmosphere.FastSkyLUT:1]]
[2023.06.22-14.16.11:209][  0]LogConfig: Setting CVar [[r.SkyAtmosphere.FastSkyLUT.SampleCountMin:4.0]]
[2023.06.22-14.16.11:209][  0]LogConfig: Setting CVar [[r.SkyAtmosphere.FastSkyLUT.SampleCountMax:128.0]]
[2023.06.22-14.16.11:209][  0]LogConfig: Setting CVar [[r.SkyAtmosphere.SampleCountMin:4.0]]
[2023.06.22-14.16.11:209][  0]LogConfig: Setting CVar [[r.SkyAtmosphere.SampleCountMax:128.0]]
[2023.06.22-14.16.11:209][  0]LogConfig: Setting CVar [[r.SkyAtmosphere.TransmittanceLUT.UseSmallFormat:0]]
[2023.06.22-14.16.11:209][  0]LogConfig: Setting CVar [[r.SkyAtmosphere.TransmittanceLUT.SampleCount:10.0]]
[2023.06.22-14.16.11:209][  0]LogConfig: Setting CVar [[r.SkyAtmosphere.MultiScatteringLUT.SampleCount:15.0]]
[2023.06.22-14.16.11:209][  0]LogConfig: Setting CVar [[r.SkyLight.RealTimeReflectionCapture:1]]
[2023.06.22-14.16.11:209][  0]LogConfig: Setting CVar [[fx.Niagara.QualityLevel:3]]
[2023.06.22-14.16.11:209][  0]LogConfig: Applying CVar settings from Section [FoliageQuality@3] File [../../../MyEarth/Saved/Config/WindowsNoEditor/Scalability.ini]
[2023.06.22-14.16.11:209][  0]LogConfig: Setting CVar [[foliage.DensityScale:1.0]]
[2023.06.22-14.16.11:209][  0]LogConfig: Setting CVar [[grass.DensityScale:1.0]]
[2023.06.22-14.16.11:209][  0]LogConfig: Applying CVar settings from Section [ShadingQuality@3] File [../../../MyEarth/Saved/Config/WindowsNoEditor/Scalability.ini]
[2023.06.22-14.16.11:209][  0]LogConfig: Setting CVar [[r.HairStrands.SkyLighting.IntegrationType:2]]
[2023.06.22-14.16.11:209][  0]LogConfig: Setting CVar [[r.HairStrands.SkyAO.SampleCount:4]]
[2023.06.22-14.16.11:209][  0]LogConfig: Setting CVar [[r.HairStrands.Visibility.MSAA.SamplePerPixel:4]]
[2023.06.22-14.16.11:209][  0]LogConfig: Applying CVar settings from Section [Startup] File [../../../Engine/Config/ConsoleVariables.ini]
[2023.06.22-14.16.11:209][  0]LogConfig: Setting CVar [[net.UseAdaptiveNetUpdateFrequency:0]]
[2023.06.22-14.16.11:209][  0]LogConfig: Setting CVar [[p.chaos.AllowCreatePhysxBodies:1]]
[2023.06.22-14.16.11:209][  0]LogConfig: Setting CVar [[fx.SkipVectorVMBackendOptimizations:1]]
[2023.06.22-14.16.11:209][  0]LogConfig: Applying CVar settings from Section [ConsoleVariables] File [../../../MyEarth/Saved/Config/WindowsNoEditor/Engine.ini]
[2023.06.22-14.16.11:210][  0]LogInit: Computer: EKUN-MAIN
[2023.06.22-14.16.11:210][  0]LogInit: User: user
[2023.06.22-14.16.11:210][  0]LogInit: CPU Page size=4096, Cores=6
[2023.06.22-14.16.11:210][  0]LogInit: High frequency timer resolution =10.000000 MHz
[2023.06.22-14.16.11:210][  0]LogMemory: Memory total: Physical=16.0GB (16GB approx)
[2023.06.22-14.16.11:210][  0]LogMemory: Platform Memory Stats for WindowsNoEditor
[2023.06.22-14.16.11:210][  0]LogMemory: Process Physical Memory: 89.21 MB used, 89.21 MB peak
[2023.06.22-14.16.11:210][  0]LogMemory: Process Virtual Memory: 87.64 MB used, 87.64 MB peak
[2023.06.22-14.16.11:210][  0]LogMemory: Physical Memory: 6673.74 MB used,  9659.38 MB free, 16333.11 MB total
[2023.06.22-14.16.11:210][  0]LogMemory: Virtual Memory: 134193512.00 MB used,  24214.08 MB free, 134217728.00 MB total
[2023.06.22-14.16.11:229][  0]LogWindows: WindowsPlatformFeatures enabled
[2023.06.22-14.16.11:350][  0]LogInit: Physics initialised using underlying interface: PhysX
[2023.06.22-14.16.11:352][  0]LogInit: Using OS detected language (ko-KR).
[2023.06.22-14.16.11:352][  0]LogInit: Using OS detected locale (ko-KR).
[2023.06.22-14.16.11:353][  0]LogTextLocalizationManager: No localization for 'ko-KR' exists, so 'en' will be used for the language.
[2023.06.22-14.16.11:353][  0]LogTextLocalizationManager: No localization for 'ko-KR' exists, so 'en' will be used for the locale.
[2023.06.22-14.16.11:378][  0]LogWindowsTextInputMethodSystem: Display: IME system deactivated.
[2023.06.22-14.16.11:480][  0]LogSlate: New Slate User Created.  User Index 0, Is Virtual User: 0
[2023.06.22-14.16.11:480][  0]LogSlate: Slate User Registered.  User Index 0, Is Virtual User: 0
[2023.06.22-14.16.11:606][  0]LogD3D11RHI: Loaded GFSDK_Aftermath_Lib.x64.dll
[2023.06.22-14.16.11:614][  0]LogHMD: Failed to initialize OpenVR with code 110
[2023.06.22-14.16.11:614][  0]LogD3D11RHI: D3D11 min allowed feature level: 11_0
[2023.06.22-14.16.11:614][  0]LogD3D11RHI: D3D11 max allowed feature level: 11_0
[2023.06.22-14.16.11:614][  0]LogD3D11RHI: D3D11 adapters:
[2023.06.22-14.16.11:840][  0]LogD3D11RHI:    0. 'NVIDIA GeForce RTX 2060' (Feature Level 11_0)
[2023.06.22-14.16.11:840][  0]LogD3D11RHI:       5958/0/8166 MB DedicatedVideo/DedicatedSystem/SharedSystem, Outputs:2, VendorId:0x10de
[2023.06.22-14.16.11:843][  0]LogD3D11RHI:    1. 'Microsoft Basic Render Driver' (Feature Level 11_0)
[2023.06.22-14.16.11:843][  0]LogD3D11RHI:       0/0/8166 MB DedicatedVideo/DedicatedSystem/SharedSystem, Outputs:0, VendorId:0x1414
[2023.06.22-14.16.11:843][  0]LogD3D11RHI: Chosen D3D11 Adapter:
[2023.06.22-14.16.11:843][  0]LogD3D11RHI:     Description : NVIDIA GeForce RTX 2060
[2023.06.22-14.16.11:843][  0]LogD3D11RHI:     VendorId    : 10de
[2023.06.22-14.16.11:843][  0]LogD3D11RHI:     DeviceId    : 1e89
[2023.06.22-14.16.11:843][  0]LogD3D11RHI:     SubSysId    : 134d10de
[2023.06.22-14.16.11:843][  0]LogD3D11RHI:     Revision    : 00a1
[2023.06.22-14.16.11:843][  0]LogD3D11RHI:     DedicatedVideoMemory : 6247415808 bytes
[2023.06.22-14.16.11:843][  0]LogD3D11RHI:     DedicatedSystemMemory : 0 bytes
[2023.06.22-14.16.11:843][  0]LogD3D11RHI:     SharedSystemMemory : 8563255296 bytes
[2023.06.22-14.16.11:843][  0]LogD3D11RHI:     AdapterLuid : 0 46076
[2023.06.22-14.16.11:852][  0]LogD3D11RHI: Creating new Direct3DDevice
[2023.06.22-14.16.11:852][  0]LogD3D11RHI:     GPU DeviceId: 0x1e89 (for the marketing name, search the web for "GPU Device Id")
[2023.06.22-14.16.11:852][  0]LogWindows: EnumDisplayDevices:
[2023.06.22-14.16.11:852][  0]LogWindows:    0. 'NVIDIA GeForce RTX 2060' (P:0 D:1)
[2023.06.22-14.16.11:853][  0]LogWindows:    1. 'NVIDIA GeForce RTX 2060' (P:1 D:1)
[2023.06.22-14.16.11:854][  0]LogWindows:    2. 'NVIDIA GeForce RTX 2060' (P:0 D:0)
[2023.06.22-14.16.11:854][  0]LogWindows:    3. 'NVIDIA GeForce RTX 2060' (P:0 D:0)
[2023.06.22-14.16.11:855][  0]LogWindows: DebugString: FoundDriverCount:4 
[2023.06.22-14.16.11:855][  0]LogD3D11RHI:     Adapter Name: NVIDIA GeForce RTX 2060
[2023.06.22-14.16.11:855][  0]LogD3D11RHI:   Driver Version: 528.24 (internal:31.0.15.2824, unified:528.24)
[2023.06.22-14.16.11:855][  0]LogD3D11RHI:      Driver Date: 1-15-2023
[2023.06.22-14.16.11:855][  0]LogRHI: Texture pool is 4170 MB (70% of 5958 MB)
[2023.06.22-14.16.11:855][  0]LogD3D11RHI: Creating D3DDevice using adapter:
[2023.06.22-14.16.11:855][  0]LogD3D11RHI:     Description : NVIDIA GeForce RTX 2060
[2023.06.22-14.16.11:855][  0]LogD3D11RHI:     VendorId    : 10de
[2023.06.22-14.16.11:855][  0]LogD3D11RHI:     DeviceId    : 1e89
[2023.06.22-14.16.11:855][  0]LogD3D11RHI:     SubSysId    : 134d10de
[2023.06.22-14.16.11:855][  0]LogD3D11RHI:     Revision    : 00a1
[2023.06.22-14.16.11:855][  0]LogD3D11RHI:     DedicatedVideoMemory : 6247415808 bytes
[2023.06.22-14.16.11:855][  0]LogD3D11RHI:     DedicatedSystemMemory : 0 bytes
[2023.06.22-14.16.11:855][  0]LogD3D11RHI:     SharedSystemMemory : 8563255296 bytes
[2023.06.22-14.16.11:855][  0]LogD3D11RHI:     AdapterLuid : 0 46076
[2023.06.22-14.16.11:919][  0]LogD3D11RHI: RHI has support for 64 bit atomics
[2023.06.22-14.16.11:921][  0]LogD3D11RHI: Async texture creation enabled
[2023.06.22-14.16.11:921][  0]LogD3D11RHI: Array index from any shader is supported
[2023.06.22-14.16.11:949][  0]LogD3D11RHI: GPU Timing Frequency: 1000.000000 (Debug: 2 2)
[2023.06.22-14.16.12:088][  0]LogRHI: GeForceNow SDK initialized: 1
[2023.06.22-14.16.12:088][  0]LogRendererCore: Ray tracing is disabled. Reason: r.RayTracing=0.
[2023.06.22-14.16.12:090][  0]LogShaderLibrary: Display: Using ../../../MyEarth/Content/ShaderArchive-Global-PCD3D_SM5.ushaderbytecode for material shader code. Total 1951 unique shaders.
[2023.06.22-14.16.12:091][  0]LogShaderLibrary: Display: Cooked Context: Using Shared Shader Library Global
[2023.06.22-14.16.12:091][  0]LogShaderLibrary: Display: Logical shader library 'Global' has been created, components 1
[2023.06.22-14.16.12:091][  0]LogTemp: Warning: Clearing the OS Cache
[2023.06.22-14.16.12:091][  0]LogODSC: ODSC Thread active.
[2023.06.22-14.16.12:095][  0]LogPakFile: New pak file ../../../MyEarth/Content/Paks/MyEarth-WindowsNoEditor.pak added to pak precacher.
[2023.06.22-14.16.12:118][  0]LogSlate: Using FreeType 2.10.0
[2023.06.22-14.16.12:118][  0]LogSlate: SlateFontServices - WITH_FREETYPE: 1, WITH_HARFBUZZ: 1
[2023.06.22-14.16.12:174][  0]LogShaderLibrary: Display: Using ../../../MyEarth/Content/ShaderArchive-MyEarth-PCD3D_SM5.ushaderbytecode for material shader code. Total 5143 unique shaders.
[2023.06.22-14.16.12:174][  0]LogShaderLibrary: Display: Cooked Context: Using Shared Shader Library MyEarth
[2023.06.22-14.16.12:174][  0]LogShaderLibrary: Display: Logical shader library 'MyEarth' has been created, components 1
[2023.06.22-14.16.12:174][  0]LogRHI: Display: Opened pipeline cache after state change and enqueued 0 of 0 tasks for precompile.
[2023.06.22-14.16.12:175][  0]LogShaderLibrary: Display: Using ../../../MyEarth/Content/ShaderArchive-MyEarth-PCD3D_SM5.ushaderbytecode for material shader code. Total 5143 unique shaders.
[2023.06.22-14.16.12:175][  0]LogShaderLibrary: Display: Cooked Context: Using Shared Shader Library MyEarth
[2023.06.22-14.16.12:175][  0]LogRHI: Display: Opened pipeline cache after state change and enqueued 0 of 0 tasks for precompile.
[2023.06.22-14.16.12:175][  0]LogRHI: Display: Failed to open default shader pipeline cache for MyEarth using shader platform 0.
[2023.06.22-14.16.12:175][  0]LogInit: Using OS detected language (ko-KR).
[2023.06.22-14.16.12:175][  0]LogInit: Using OS detected locale (ko-KR).
[2023.06.22-14.16.12:175][  0]LogTextLocalizationManager: No localization for 'ko-KR' exists, so 'en' will be used for the language.
[2023.06.22-14.16.12:175][  0]LogTextLocalizationManager: No localization for 'ko-KR' exists, so 'en' will be used for the locale.
[2023.06.22-14.16.12:177][  0]LogTextLocalizationManager: Compacting localization data took   0.72ms
[2023.06.22-14.16.12:177][  0]LogAssetRegistry: FAssetRegistry took 0.0015 seconds to start up
[2023.06.22-14.16.12:247][  0]LogStreaming: Display: FlushAsyncLoading: 1 QueuedPackages, 0 AsyncPackages
[2023.06.22-14.16.12:247][  0]LogPackageLocalizationCache: Processed 28 localized package path(s) for 1 prioritized culture(s) in 0.000080 seconds
[2023.06.22-14.16.12:253][  0]LogSerialization: Display: AllowBulkDataInIoStore: 'true'
[2023.06.22-14.16.12:253][  0]LogInit: Selected Device Profile: [WindowsNoEditor]
[2023.06.22-14.16.12:253][  0]LogInit: Active device profile: [0000021936B0D780][00000219286ADB70 49] WindowsNoEditor
[2023.06.22-14.16.12:253][  0]LogInit: Profiles: [0000021936B0DA80][000002193627DB70 49] Windows, [0000021936B0D780][00000219286ADB70 49] WindowsNoEditor, 
[2023.06.22-14.16.12:351][  0]LogNetVersion: MyEarth 1.0.0, NetCL: 17155196, EngineNetVer: 17, GameNetVer: 0 (Checksum: 1967688885)
[2023.06.22-14.16.12:387][  0]LogAudioCaptureCore: Display: No Audio Capture implementations found. Audio input will be silent.
[2023.06.22-14.16.12:387][  0]LogAudioCaptureCore: Display: No Audio Capture implementations found. Audio input will be silent.
[2023.06.22-14.16.12:388][  0]LogHMD: PokeAHoleMaterial loaded successfully
[2023.06.22-14.16.12:409][  0]LogMoviePlayer: Initializing movie player
[2023.06.22-14.16.12:409][  0]LogNiagaraDebuggerClient: Niagara Debugger Client Initialized | Session: C83421894D2B07B24A7AD1B832D7C4D6 | Instance: 54FD41124C63F081B79A8F907B10D769 (EKUN-MAIN-24252).
[2023.06.22-14.16.12:410][  0]LogAndroidPermission: UAndroidPermissionCallbackProxy::GetInstance
[2023.06.22-14.16.12:411][  0]LogOcInput: OculusInput pre-init called
[2023.06.22-14.16.12:416][  0]LogUObjectArray: 15783 objects as part of root set at end of initial load.
[2023.06.22-14.16.12:416][  0]LogUObjectArray: 2 objects are not in the root set, but can never be destroyed because they are in the DisregardForGC set.
[2023.06.22-14.16.12:416][  0]LogUObjectAllocator: 3200360 out of 0 bytes used by permanent object pool.
[2023.06.22-14.16.12:416][  0]LogUObjectArray: CloseDisregardForGC: 15783/15783 objects in disregard for GC pool
[2023.06.22-14.16.12:429][  0]LogEngine: Initializing Engine...
[2023.06.22-14.16.12:434][  0]LogHMD: Failed to enumerate extensions. Please check that you have a valid OpenXR runtime installed.
[2023.06.22-14.16.12:434][  0]LogHMD: Failed to initialize OpenVR with code 110
[2023.06.22-14.16.12:436][  0]LogStats: UGameplayTagsManager::InitializeManager -  0.000 s
[2023.06.22-14.16.12:482][  0]LogInit: Initializing FReadOnlyCVARCache
[2023.06.22-14.16.12:482][  0]LogAudio: Display: Initializing Audio Device Manager...
[2023.06.22-14.16.12:482][  0]LogAudio: Display: Loading Default Audio Settings Objects...
[2023.06.22-14.16.12:483][  0]LogAudio: Display: No default SoundConcurrencyObject specified (or failed to load).
[2023.06.22-14.16.12:483][  0]LogAudio: Display: Audio Device Manager Initialized
[2023.06.22-14.16.12:483][  0]LogAudio: Display: Creating Audio Device:                 Id: 1, Scope: Shared, Realtime: True
[2023.06.22-14.16.12:483][  0]LogAudioMixer: Display: Audio Mixer Platform Settings:
[2023.06.22-14.16.12:483][  0]LogAudioMixer: Display: 	Sample Rate:						  48000
[2023.06.22-14.16.12:483][  0]LogAudioMixer: Display: 	Callback Buffer Frame Size Requested: 1024
[2023.06.22-14.16.12:483][  0]LogAudioMixer: Display: 	Callback Buffer Frame Size To Use:	  1024
[2023.06.22-14.16.12:483][  0]LogAudioMixer: Display: 	Number of buffers to queue:			  2
[2023.06.22-14.16.12:483][  0]LogAudioMixer: Display: 	Max Channels (voices):				  32
[2023.06.22-14.16.12:483][  0]LogAudioMixer: Display: 	Number of Async Source Workers:		  0
[2023.06.22-14.16.12:483][  0]LogAudio: Display: AudioDevice MaxSources: 32
[2023.06.22-14.16.12:483][  0]LogAudio: Display: Audio Spatialization Plugin: None (built-in).
[2023.06.22-14.16.12:483][  0]LogAudio: Display: Audio Reverb Plugin: None (built-in).
[2023.06.22-14.16.12:483][  0]LogAudio: Display: Audio Occlusion Plugin: None (built-in).
[2023.06.22-14.16.12:483][  0]LogAudioMixer: Display: Initializing audio mixer.
[2023.06.22-14.16.12:553][  0]LogAudioDebug: Display: Lib vorbis DLL was dynamically loaded.
[2023.06.22-14.16.12:571][  0]LogAudioMixer: Display: 0: FrontLeft
[2023.06.22-14.16.12:571][  0]LogAudioMixer: Display: 1: FrontRight
[2023.06.22-14.16.13:055][  0]LogAudioMixer: Display: Using Audio Device 스피커(Fenda R30BT)
[2023.06.22-14.16.13:056][  0]LogAudioMixer: Display: Initializing Sound Submixes...
[2023.06.22-14.16.13:057][  0]LogAudioMixer: Display: Creating Master Submix 'MasterSubmixDefault'
[2023.06.22-14.16.13:057][  0]LogAudioMixer: Display: Creating Master Submix 'MasterReverbSubmixDefault'
[2023.06.22-14.16.13:058][  0]LogAudioMixer: Display: Creating Master Submix 'MasterEQSubmixDefault'
[2023.06.22-14.16.13:058][  0]LogAudioMixer: FMixerPlatformXAudio2::StartAudioStream() called
[2023.06.22-14.16.13:058][  0]LogAudioMixer: Display: Output buffers initialized: Frames=1024, Channels=2, Samples=2048
[2023.06.22-14.16.13:060][  0]LogAudioMixer: Display: Starting AudioMixerPlatformInterface::RunInternal()
[2023.06.22-14.16.13:060][  0]LogAudioMixer: Display: FMixerPlatformXAudio2::SubmitBuffer() called for the first time
[2023.06.22-14.16.13:060][  0]LogInit: FAudioDevice initialized.
[2023.06.22-14.16.13:062][  0]LogNetVersion: Set ProjectVersion to 1.0.0.0. Version Checksum will be recalculated on next use.
[2023.06.22-14.16.13:062][  0]LogInit: Texture streaming: Enabled
[2023.06.22-14.16.13:068][  0]LogAudio: Display: Audio Device (ID: 1) registered with world 'Untitled'.
[2023.06.22-14.16.13:069][  0]LogSlate: Updating window title bar state: overlay mode, drag disabled, window buttons hidden, title bar hidden
[2023.06.22-14.16.13:070][  0]LogInit: Display: Game Engine Initialized.
[2023.06.22-14.16.13:070][  0]LogInit: Display: Starting Game.
[2023.06.22-14.16.13:070][  0]LogNet: Browse: /Game/Stages/IntroAnimation/MainMenu?Name=Player
[2023.06.22-14.16.13:070][  0]LogLoad: LoadMap: /Game/Stages/IntroAnimation/MainMenu?Name=Player
[2023.06.22-14.16.13:070][  0]LogWorld: BeginTearingDown for /Temp/Untitled_0
[2023.06.22-14.16.13:071][  0]LogWorld: UWorld::CleanupWorld for Untitled, bSessionEnded=true, bCleanupResources=true
[2023.06.22-14.16.13:071][  0]LogSlate: InvalidateAllWidgets triggered.  All widgets were invalidated
[2023.06.22-14.16.13:073][  0]LogAudio: Display: Audio Device unregistered from world 'None'.
[2023.06.22-14.16.13:076][  0]LogUObjectHash: Compacting FUObjectHashTables data took   0.63ms
[2023.06.22-14.16.13:290][  0]LogPakFile: Precache HighWater 16MB

[2023.06.22-14.16.13:302][  0]LogAudio: Display: Audio Device (ID: 1) registered with world 'MainMenu'.
[2023.06.22-14.16.13:303][  0]LogAIModule: Creating AISystem for world MainMenu
[2023.06.22-14.16.13:305][  0]LogLoad: Game class is 'GameModeBase'
[2023.06.22-14.16.13:349][  0]LogPhysics: Warning: ForeachShape(Trimesh): ScaledElem[0] invalid
[2023.06.22-14.16.13:349][  0]LogPhysics: Warning: PopulatePhysXGeometryAndTransform(Convex): ConvexElem has invalid transform
[2023.06.22-14.16.13:349][  0]LogPhysics: Warning: ForeachShape(Convex): ScaledElem[0] invalid
[2023.06.22-14.16.13:349][  0]LogPhysics: Warning: ForeachShape(Trimesh): ScaledElem[0] invalid
[2023.06.22-14.16.13:349][  0]LogPhysics: Warning: PopulatePhysXGeometryAndTransform(Convex): ConvexElem has invalid transform
[2023.06.22-14.16.13:349][  0]LogPhysics: Warning: ForeachShape(Convex): ScaledElem[0] invalid
[2023.06.22-14.16.13:349][  0]LogPhysics: Warning: ForeachShape(Trimesh): ScaledElem[0] invalid
[2023.06.22-14.16.13:349][  0]LogPhysics: Warning: ForeachShape(Trimesh): ScaledElem[0] invalid
[2023.06.22-14.16.13:351][  0]LogWorld: Bringing World /Game/Stages/IntroAnimation/MainMenu.MainMenu up for play (max tick rate 0) at 2023.06.22-23.16.13
[2023.06.22-14.16.13:353][  0]LogWorld: Bringing up level for play took: 0.025574
[2023.06.22-14.16.13:359][  0]LogGameMode: FindPlayerStart: PATHS NOT DEFINED or NO PLAYERSTART with positive rating
[2023.06.22-14.16.13:369][  0]r.LightFunctionQuality = "1"
[2023.06.22-14.16.13:369][  0]r.SkyLight.RealTimeReflectionCapture = "1"
[2023.06.22-14.16.13:369][  0]r.SkyLight.RealTimeReflectionCapture.TimeSlice = "1"
[2023.06.22-14.16.13:369][  0]r.EyeAdaptation.BlackHistogramBucketInfluence = "0.5"
[2023.06.22-14.16.13:372][  0]LogLoad: Took 0.301546 seconds to LoadMap(/Game/Stages/IntroAnimation/MainMenu)
[2023.06.22-14.16.13:372][  0]LogStreaming: Display: Suspending async loading (1)
[2023.06.22-14.16.13:435][  0]LogStreaming: Display: Resuming async loading (0)
[2023.06.22-14.16.13:714][  0]LogSlate: Took 0.000301 seconds to synchronously load lazily loaded font '../../../Engine/Content/Slate/Fonts/Roboto-Regular.ttf' (155K)
[2023.06.22-14.16.13:930][  0]LogRenderer: Reallocating scene render targets to support 1920x1080 Format 10 NumSamples 1 (Frame:1).
[2023.06.22-14.16.13:930][  0]LogRHI: Display: ShaderPipelineCache: Paused Batching. 1
[2023.06.22-14.16.13:930][  0]LogPakFile: AllPaks IndexSizes: DirectoryHashSize=701436, PathHashSize=16, EntriesSize=131072, TotalSize=832524
[2023.06.22-14.16.13:930][  0]LogRHI: Display: ShaderPipelineCache: Resumed Batching. 0
[2023.06.22-14.16.13:930][  0]LogRHI: Display: ShaderPipelineCache: Batching Resumed.
[2023.06.22-14.16.13:930][  0]LogInit: Display: Engine is initialized. Leaving FEngineLoop::Init()
[2023.06.22-14.16.13:930][  0]LogLoad: (Engine Initialization) Total time: 3.34 seconds
[2023.06.22-14.16.13:935][  0]LogContentStreaming: Texture pool size now 1000 MB
[2023.06.22-14.16.15:054][ 28]LogD3D11RHI: Display: Temp texture streaming buffer not large enough, needed 8388608 bytes
[2023.06.22-14.16.29:010][399]LogNet: Browse: /Game/Stages/Main/MainMenu
[2023.06.22-14.16.29:010][399]LogLoad: LoadMap: /Game/Stages/Main/MainMenu
[2023.06.22-14.16.29:010][399]LogWorld: BeginTearingDown for /Game/Stages/IntroAnimation/MainMenu
[2023.06.22-14.16.29:013][399]LogWorld: UWorld::CleanupWorld for MainMenu, bSessionEnded=true, bCleanupResources=true
[2023.06.22-14.16.29:022][399]LogSlate: InvalidateAllWidgets triggered.  All widgets were invalidated
[2023.06.22-14.16.29:049][399]LogAudio: Display: Audio Device unregistered from world 'None'.
[2023.06.22-14.16.29:098][399]LogUObjectHash: Compacting FUObjectHashTables data took   0.96ms
[2023.06.22-14.16.29:107][399]LogStreaming: Display: FlushAsyncLoading: 1 QueuedPackages, 0 AsyncPackages
[2023.06.22-14.16.29:850][399]LogPakFile: Precache HighWater 32MB

[2023.06.22-14.16.29:850][399]LogPakFile: Precache HighWater 48MB

[2023.06.22-14.16.29:850][399]LogPakFile: Precache HighWater 64MB

[2023.06.22-14.16.29:850][399]LogPakFile: Precache HighWater 80MB

[2023.06.22-14.16.29:869][399]LogAudio: Display: Audio Device (ID: 1) registered with world 'MainMenu'.
[2023.06.22-14.16.29:870][399]LogAIModule: Creating AISystem for world MainMenu
[2023.06.22-14.16.29:871][399]LogLoad: Game class is 'PlayerGameMode_C'
[2023.06.22-14.16.29:907][399]LogWorld: Bringing World /Game/Stages/Main/MainMenu.MainMenu up for play (max tick rate 0) at 2023.06.22-23.16.29
[2023.06.22-14.16.29:909][399]LogWorld: Bringing up level for play took: 0.029228
[2023.06.22-14.16.29:916][399]LogGameMode: FindPlayerStart: PATHS NOT DEFINED or NO PLAYERSTART with positive rating
[2023.06.22-14.16.29:918][399]LogSpawn: Warning: SpawnActor failed because of collision at the spawn location [X=0.000 Y=0.000 Z=0.000] for [PlayerCharacter_C]
[2023.06.22-14.16.29:918][399]LogGameMode: Warning: SpawnDefaultPawnAtTransform: Couldn't spawn Pawn of type PlayerCharacter_C at Rotation: Pitch 0.000000 Yaw 0.000000 Roll 0.000000
Translation: 0.000000 0.000000 0.000000
Scale3D: 1.000000 1.000000 1.000000

[2023.06.22-14.16.29:925][399]r.LightFunctionQuality = "1"
[2023.06.22-14.16.29:926][399]r.SkyLight.RealTimeReflectionCapture = "1"
[2023.06.22-14.16.29:926][399]r.SkyLight.RealTimeReflectionCapture.TimeSlice = "1"
[2023.06.22-14.16.29:926][399]r.EyeAdaptation.BlackHistogramBucketInfluence = "0.5"
[2023.06.22-14.16.29:927][399]LogPlayerController: Error: InputMode:UIOnly - Attempting to focus Non-Focusable widget SObjectWidget [Widget.cpp(799)]!
[2023.06.22-14.16.29:927][399]LogViewport: Display: Viewport MouseLockMode Changed, LockOnCapture -> DoNotLock
[2023.06.22-14.16.29:927][399]LogViewport: Display: Viewport MouseCaptureMode Changed, CapturePermanently_IncludingInitialMouseDown -> NoCapture
[2023.06.22-14.16.29:930][399]LogLoad: Took 0.919379 seconds to LoadMap(/Game/Stages/Main/MainMenu)
[2023.06.22-14.16.29:940][399]LogSlate: Took 0.001938 seconds to synchronously load lazily loaded font '../../../MyEarth/Content/Resources/Font/CAFE24SSURROUND.ufont' (1300K)
[2023.06.22-14.16.29:947][400]LogNet: Browse: /Game/Stages/Main/MainMenu
[2023.06.22-14.16.29:947][400]LogLoad: LoadMap: /Game/Stages/Main/MainMenu
[2023.06.22-14.16.29:947][400]LogWorld: BeginTearingDown for /Game/Stages/Main/MainMenu
[2023.06.22-14.16.29:950][400]LogWorld: UWorld::CleanupWorld for MainMenu, bSessionEnded=true, bCleanupResources=true
[2023.06.22-14.16.29:966][400]LogSlate: InvalidateAllWidgets triggered.  All widgets were invalidated
[2023.06.22-14.16.30:007][400]LogAudio: Display: Waited 39.724400 ms for audio thread.
[2023.06.22-14.16.30:013][400]LogAudio: Display: Audio Device unregistered from world 'None'.
[2023.06.22-14.16.30:337][400]LogUObjectHash: Compacting FUObjectHashTables data took   1.04ms
[2023.06.22-14.16.30:349][400]LogStreaming: Display: FlushAsyncLoading: 1 QueuedPackages, 0 AsyncPackages
[2023.06.22-14.16.31:107][400]LogAudio: Display: Audio Device (ID: 1) registered with world 'MainMenu'.
[2023.06.22-14.16.31:108][400]LogAIModule: Creating AISystem for world MainMenu
[2023.06.22-14.16.31:109][400]LogLoad: Game class is 'PlayerGameMode_C'
[2023.06.22-14.16.31:149][400]LogWorld: Bringing World /Game/Stages/Main/MainMenu.MainMenu up for play (max tick rate 0) at 2023.06.22-23.16.31
[2023.06.22-14.16.31:151][400]LogWorld: Bringing up level for play took: 0.030421
[2023.06.22-14.16.31:157][400]LogGameMode: FindPlayerStart: PATHS NOT DEFINED or NO PLAYERSTART with positive rating
[2023.06.22-14.16.31:159][400]LogSpawn: Warning: SpawnActor failed because of collision at the spawn location [X=0.000 Y=0.000 Z=0.000] for [PlayerCharacter_C]
[2023.06.22-14.16.31:160][400]LogGameMode: Warning: SpawnDefaultPawnAtTransform: Couldn't spawn Pawn of type PlayerCharacter_C at Rotation: Pitch 0.000000 Yaw 0.000000 Roll 0.000000
Translation: 0.000000 0.000000 0.000000
Scale3D: 1.000000 1.000000 1.000000

[2023.06.22-14.16.31:169][400]r.LightFunctionQuality = "1"
[2023.06.22-14.16.31:169][400]r.SkyLight.RealTimeReflectionCapture = "1"
[2023.06.22-14.16.31:169][400]r.SkyLight.RealTimeReflectionCapture.TimeSlice = "1"
[2023.06.22-14.16.31:169][400]r.EyeAdaptation.BlackHistogramBucketInfluence = "0.5"
[2023.06.22-14.16.31:170][400]LogPlayerController: Error: InputMode:UIOnly - Attempting to focus Non-Focusable widget SObjectWidget [Widget.cpp(799)]!
[2023.06.22-14.16.31:173][400]LogLoad: Took 1.226717 seconds to LoadMap(/Game/Stages/Main/MainMenu)
[2023.06.22-14.16.31:182][400]LogSlate: Took 0.001516 seconds to synchronously load lazily loaded font '../../../MyEarth/Content/Resources/Font/CAFE24SSURROUND.ufont' (1300K)
[2023.06.22-14.16.31:183][400]LogSlate: InvalidateAllWidgets triggered.  All widgets were invalidated
[2023.06.22-14.16.31:192][401]LogSlate: Took 0.000318 seconds to synchronously load lazily loaded font '../../../Engine/Content/Slate/Fonts/Roboto-Regular.ttf' (155K)
[2023.06.22-14.16.31:194][401]LogSlate: Took 0.001169 seconds to synchronously load lazily loaded font '../../../MyEarth/Content/Resources/Font/CAFE24SSURROUND.ufont' (1300K)
[2023.06.22-14.16.33:611][455]LogNet: Browse: /Game/Stages/OpenningAnimation/OpenningMap
[2023.06.22-14.16.33:611][455]LogLoad: LoadMap: /Game/Stages/OpenningAnimation/OpenningMap
[2023.06.22-14.16.33:611][455]LogWorld: BeginTearingDown for /Game/Stages/Main/MainMenu
[2023.06.22-14.16.33:613][455]LogWorld: UWorld::CleanupWorld for MainMenu, bSessionEnded=true, bCleanupResources=true
[2023.06.22-14.16.33:622][455]LogSlate: InvalidateAllWidgets triggered.  All widgets were invalidated
[2023.06.22-14.16.33:662][455]LogAudio: Display: Audio Device unregistered from world 'None'.
[2023.06.22-14.16.33:708][455]LogUObjectHash: Compacting FUObjectHashTables data took   1.34ms
[2023.06.22-14.16.33:721][455]LogStreaming: Display: FlushAsyncLoading: 1 QueuedPackages, 0 AsyncPackages
[2023.06.22-14.16.34:474][455]LogAudio: Display: Audio Device (ID: 1) registered with world 'OpenningMap'.
[2023.06.22-14.16.34:476][455]LogAIModule: Creating AISystem for world OpenningMap
[2023.06.22-14.16.34:477][455]LogLoad: Game class is 'PlayerGameMode_C'
[2023.06.22-14.16.34:511][455]LogPhysics: Warning: ForeachShape(Trimesh): ScaledElem[0] invalid
[2023.06.22-14.16.34:514][455]LogWorld: Bringing World /Game/Stages/OpenningAnimation/OpenningMap.OpenningMap up for play (max tick rate 0) at 2023.06.22-23.16.34
[2023.06.22-14.16.34:514][455]LogWorld: Bringing up level for play took: 0.028989
[2023.06.22-14.16.34:522][455]LogGameMode: FindPlayerStart: PATHS NOT DEFINED or NO PLAYERSTART with positive rating
[2023.06.22-14.16.34:524][455]LogSpawn: Warning: SpawnActor failed because of collision at the spawn location [X=0.000 Y=0.000 Z=0.000] for [PlayerCharacter_C]
[2023.06.22-14.16.34:524][455]LogGameMode: Warning: SpawnDefaultPawnAtTransform: Couldn't spawn Pawn of type PlayerCharacter_C at Rotation: Pitch 0.000000 Yaw 0.000000 Roll 0.000000
Translation: 0.000000 0.000000 0.000000
Scale3D: 1.000000 1.000000 1.000000

[2023.06.22-14.16.34:531][455]r.LightFunctionQuality = "1"
[2023.06.22-14.16.34:532][455]r.SkyLight.RealTimeReflectionCapture = "1"
[2023.06.22-14.16.34:532][455]r.SkyLight.RealTimeReflectionCapture.TimeSlice = "1"
[2023.06.22-14.16.34:532][455]r.EyeAdaptation.BlackHistogramBucketInfluence = "0.5"
[2023.06.22-14.16.34:537][455]LogLoad: Took 0.926653 seconds to LoadMap(/Game/Stages/OpenningAnimation/OpenningMap)
[2023.06.22-14.17.15:080][516]LogTaskGraph: Warning: Task graph took  28.67ms for RT to recieve broadcast.
[2023.06.22-14.17.15:081][516]LogTaskGraph: Warning: Task graph took  28.89ms for RT to recieve broadcast and do processing.
[2023.06.22-14.17.15:081][516]LogTaskGraph: Warning: Task graph took  28.76ms to wait for named thread broadcast.
[2023.06.22-14.17.15:081][516]LogTaskGraph: Warning: Task graph took  28.98ms to broadcast.
[2023.06.22-14.17.22:695][736]LogViewport: Display: Viewport MouseLockMode Changed, DoNotLock -> LockOnCapture
[2023.06.22-14.17.22:695][736]LogViewport: Display: Viewport MouseCaptureMode Changed, NoCapture -> CapturePermanently
[2023.06.22-14.17.22:724][737]LogNet: Browse: /Game/Stages/Integrated_Environment/IntegratedTestMap
[2023.06.22-14.17.22:724][737]LogLoad: LoadMap: /Game/Stages/Integrated_Environment/IntegratedTestMap
[2023.06.22-14.17.22:724][737]LogWorld: BeginTearingDown for /Game/Stages/OpenningAnimation/OpenningMap
[2023.06.22-14.17.22:728][737]LogScript: Warning: Accessed None trying to read property CallFunc_GetPlayerCameraManager_ReturnValue
	OpenningMap_C /Game/Stages/OpenningAnimation/OpenningMap.OpenningMap:PersistentLevel.OpenningMap_C_0
	Function /Game/Stages/OpenningAnimation/OpenningMap.OpenningMap_C:ExecuteUbergraph_OpenningMap:02EB
[2023.06.22-14.17.22:728][737]LogScript: Warning: Script call stack:
	Function /Game/Stages/OpenningAnimation/OpenningMap.OpenningMap_C:loadStageLevel
	Function /Game/Stages/OpenningAnimation/OpenningMap.OpenningMap_C:ExecuteUbergraph_OpenningMap

[2023.06.22-14.17.22:728][737]LogWorld: UWorld::CleanupWorld for OpenningMap, bSessionEnded=true, bCleanupResources=true
[2023.06.22-14.17.22:738][737]LogSlate: InvalidateAllWidgets triggered.  All widgets were invalidated
[2023.06.22-14.17.22:774][737]LogAudio: Display: Audio Device unregistered from world 'None'.
[2023.06.22-14.17.22:814][737]LogUObjectHash: Compacting FUObjectHashTables data took   0.90ms
[2023.06.22-14.17.22:826][737]LogStreaming: Display: FlushAsyncLoading: 1 QueuedPackages, 0 AsyncPackages
[2023.06.22-14.17.23:917][737]LogPakFile: Precache HighWater 96MB

[2023.06.22-14.17.23:943][737]LogAudio: Display: Audio Device (ID: 1) registered with world 'IntegratedTestMap'.
[2023.06.22-14.17.23:944][737]LogAIModule: Creating AISystem for world IntegratedTestMap
[2023.06.22-14.17.23:946][737]LogLoad: Game class is 'PlayerGameMode_C'
[2023.06.22-14.17.24:087][737]LogWorld: Bringing World /Game/Stages/Integrated_Environment/IntegratedTestMap.IntegratedTestMap up for play (max tick rate 0) at 2023.06.22-23.17.24
[2023.06.22-14.17.24:092][737]LogWorld: Bringing up level for play took: 0.145786
[2023.06.22-14.17.24:120][737]r.LightFunctionQuality = "1"
[2023.06.22-14.17.24:121][737]r.SkyLight.RealTimeReflectionCapture = "1"
[2023.06.22-14.17.24:121][737]r.SkyLight.RealTimeReflectionCapture.TimeSlice = "1"
[2023.06.22-14.17.24:121][737]r.EyeAdaptation.BlackHistogramBucketInfluence = "0.5"
[2023.06.22-14.17.24:121][737]r.VolumetricCloud.DistanceToSampleMaxCount = "4"
[2023.06.22-14.17.24:237][737]LogBlueprintUserMessages: [IntegratedTestMap_C_0] game start
[2023.06.22-14.17.24:238][737]LogLoad: Took 1.513065 seconds to LoadMap(/Game/Stages/Integrated_Environment/IntegratedTestMap)
[2023.06.22-14.17.24:467][739]LogLevel: ActivateLevel /Game/Stages/Integrated_Environment/submap00 1 1 1
[2023.06.22-14.17.24:468][739]LogStreaming: Display: ULevelStreaming::RequestLevel(/Game/Stages/Integrated_Environment/submap00) is flushing async loading
[2023.06.22-14.17.24:468][739]LogStreaming: Display: FlushAsyncLoading: 0 QueuedPackages, 1 AsyncPackages
[2023.06.22-14.17.24:478][739]LogBlueprintUserMessages: [AnimBP_SnowPenguin_C_2147481867] Hello
[2023.06.22-14.17.24:532][740]LogLevel: Warning: Failed to find streaming level object associated with 'NULL'
[2023.06.22-14.17.26:328][789]LogNiagara: Niagara Effect stalled GT for 0.3356 ms. Component(NiagaraComponent /Game/Stages/Integrated_Environment/IntegratedTestMap.IntegratedTestMap:PersistentLevel.WorldSettings_1.NiagaraComponent_2147481863) System(NiagaraSystem /Game/FootstepParticles/Particles/NS_Snow.NS_Snow)
[2023.06.22-14.17.31:350][930]LogViewport: Display: Viewport MouseLockMode Changed, LockOnCapture -> DoNotLock
[2023.06.22-14.17.31:350][930]LogViewport: Display: Viewport MouseCaptureMode Changed, CapturePermanently -> NoCapture
[2023.06.22-14.17.31:350][930]LogViewport: Display: Viewport HideCursorDuringCapture Changed, False -> True
[2023.06.22-14.17.31:350][930]LogViewport: Display: Viewport MouseCaptureMode Changed, NoCapture -> CaptureDuringMouseDown
[2023.06.22-14.17.31:354][930]LogSlate: Took 0.001032 seconds to synchronously load lazily loaded font '../../../MyEarth/Content/Resources/Font/CAFE24SSURROUND.ufont' (1300K)
[2023.06.22-14.17.32:346][957]Closing by request
[2023.06.22-14.17.32:346][957]LogWindows: FPlatformMisc::RequestExit(0)
[2023.06.22-14.17.32:346][957]LogWindows: FPlatformMisc::RequestExitWithStatus(0, 0)
[2023.06.22-14.17.32:346][957]LogCore: Engine exit requested (reason: Win RequestExit)
[2023.06.22-14.17.32:380][958]LogCore: Engine exit requested (reason: EngineExit() was called; note: exit was already requested)
[2023.06.22-14.17.32:380][958]LogInit: Display: PreExit Game.
[2023.06.22-14.17.32:393][958]LogWorld: BeginTearingDown for /Game/Stages/Integrated_Environment/IntegratedTestMap
[2023.06.22-14.17.32:399][958]LogWorld: UWorld::CleanupWorld for IntegratedTestMap, bSessionEnded=true, bCleanupResources=true
[2023.06.22-14.17.33:119][958]LogSlate: InvalidateAllWidgets triggered.  All widgets were invalidated
[2023.06.22-14.17.33:119][958]LogWorld: UWorld::CleanupWorld for submap00, bSessionEnded=true, bCleanupResources=true
[2023.06.22-14.17.33:119][958]LogSlate: InvalidateAllWidgets triggered.  All widgets were invalidated
[2023.06.22-14.17.33:478][958]LogStreaming: Display: Suspending async loading (1)
[2023.06.22-14.17.33:508][958]LogStreaming: Display: Resuming async loading (0)
[2023.06.22-14.17.33:509][958]LogAudio: Display: Beginning Audio Device Manager Shutdown (Module: AudioMixerXAudio2)...
[2023.06.22-14.17.33:509][958]LogAudio: Display: Destroying 1 Remaining Audio Device(s)...
[2023.06.22-14.17.33:509][958]LogAudio: Display: Audio Device unregistered from world 'IntegratedTestMap'.
[2023.06.22-14.17.33:537][958]LogAudioMixer: FMixerPlatformXAudio2::StopAudioStream() called
[2023.06.22-14.17.33:537][958]LogAudioMixer: FMixerPlatformXAudio2::StopAudioStream() called
[2023.06.22-14.17.33:560][958]LogAudio: Display: Audio Device Manager Shutdown
[2023.06.22-14.17.33:560][958]LogSlate: Request Window 'MyEarth (64-bit Development PCD3D_SM5) ' being destroyed
[2023.06.22-14.17.33:560][958]LogStreaming: Display: Suspending async loading (1)
[2023.06.22-14.17.33:578][958]LogStreaming: Display: Resuming async loading (0)
[2023.06.22-14.17.33:580][958]LogSlate: Window 'MyEarth (64-bit Development PCD3D_SM5) ' being destroyed
[2023.06.22-14.17.33:596][958]LogExit: Preparing to exit.
[2023.06.22-14.17.33:596][958]LogMoviePlayer: Shutting down movie player
[2023.06.22-14.17.33:609][958]LogSlate: Updating window title bar state: overlay mode, drag disabled, window buttons hidden, title bar hidden
[2023.06.22-14.17.33:659][958]LogDemo: Cleaned up 0 splitscreen connections with owner deletion
[2023.06.22-14.17.33:673][958]LogExit: Game engine shut down
[2023.06.22-14.17.33:737][958]LogExit: Object subsystem successfully closed.
[2023.06.22-14.17.33:752][958]LogModuleManager: Shutting down and abandoning module AutomationController (362)
[2023.06.22-14.17.33:752][958]LogModuleManager: Shutting down and abandoning module AutomationWorker (360)
[2023.06.22-14.17.33:752][958]LogModuleManager: Shutting down and abandoning module Voice (358)
[2023.06.22-14.17.33:752][958]LogModuleManager: Shutting down and abandoning module AIModule (356)
[2023.06.22-14.17.33:752][958]LogModuleManager: Shutting down and abandoning module GameplayDebugger (355)
[2023.06.22-14.17.33:752][958]LogModuleManager: Shutting down and abandoning module NavigationSystem (353)
[2023.06.22-14.17.33:752][958]LogModuleManager: Shutting down and abandoning module WebMMediaFactory (350)
[2023.06.22-14.17.33:752][958]LogModuleManager: Shutting down and abandoning module WebMMedia (348)
[2023.06.22-14.17.33:752][958]LogModuleManager: Shutting down and abandoning module OpenXRInput (346)
[2023.06.22-14.17.33:752][958]LogModuleManager: Shutting down and abandoning module OculusMR (344)
[2023.06.22-14.17.33:752][958]LogModuleManager: Shutting down and abandoning module WmfMediaFactory (342)
[2023.06.22-14.17.33:752][958]LogModuleManager: Shutting down and abandoning module OpenExrWrapper (340)
[2023.06.22-14.17.33:752][958]LogModuleManager: Shutting down and abandoning module ImgMediaFactory (338)
[2023.06.22-14.17.33:752][958]LogModuleManager: Shutting down and abandoning module AvfMediaFactory (336)
[2023.06.22-14.17.33:752][958]LogModuleManager: Shutting down and abandoning module CharacterAI (334)
[2023.06.22-14.17.33:752][958]LogModuleManager: Shutting down and abandoning module PlanarCut (332)
[2023.06.22-14.17.33:752][958]LogModuleManager: Shutting down and abandoning module SessionServices (330)
[2023.06.22-14.17.33:752][958]LogModuleManager: Shutting down and abandoning module LiveCoding (328)
[2023.06.22-14.17.33:752][958]LogModuleManager: Shutting down and abandoning module LevelSequence (326)
[2023.06.22-14.17.33:752][958]LogModuleManager: Shutting down and abandoning module MovieSceneTracks (324)
[2023.06.22-14.17.33:752][958]LogModuleManager: Shutting down and abandoning module MovieScene (322)
[2023.06.22-14.17.33:753][958]LogModuleManager: Shutting down and abandoning module StreamingPauseRendering (320)
[2023.06.22-14.17.33:753][958]LogModuleManager: Shutting down and abandoning module AudioMixerXAudio2 (318)
[2023.06.22-14.17.33:753][958]LogModuleManager: Shutting down and abandoning module AudioMixerCore (317)
[2023.06.22-14.17.33:753][958]LogModuleManager: Shutting down and abandoning module ImageWriteQueue (314)
[2023.06.22-14.17.33:753][958]LogModuleManager: Shutting down and abandoning module ProfilerService (312)
[2023.06.22-14.17.33:833][958]LogModuleManager: Shutting down and abandoning module TaskGraph (310)
[2023.06.22-14.17.33:833][958]LogModuleManager: Shutting down and abandoning module Synthesis (308)
[2023.06.22-14.17.33:833][958]LogModuleManager: Shutting down and abandoning module TakeMovieScene (306)
[2023.06.22-14.17.33:833][958]LogModuleManager: Shutting down and abandoning module LiveLinkMovieScene (304)
[2023.06.22-14.17.33:833][958]LogModuleManager: Shutting down and abandoning module LiveLinkComponents (302)
[2023.06.22-14.17.33:833][958]LogModuleManager: Shutting down and abandoning module LiveLink (300)
[2023.06.22-14.17.34:457][958]LogModuleManager: Shutting down and abandoning module OculusInput (298)
[2023.06.22-14.17.34:457][958]LogModuleManager: Shutting down and abandoning module MobilePatchingUtils (296)
[2023.06.22-14.17.34:457][958]LogModuleManager: Shutting down and abandoning module GooglePAD (294)
[2023.06.22-14.17.34:457][958]LogModuleManager: Shutting down and abandoning module CustomMeshComponent (292)
[2023.06.22-14.17.34:457][958]LogModuleManager: Shutting down and abandoning module CableComponent (290)
[2023.06.22-14.17.34:457][958]LogModuleManager: Shutting down and abandoning module AudioCapture (288)
[2023.06.22-14.17.34:457][958]LogModuleManager: Shutting down and abandoning module AudioCaptureRtAudio (287)
[2023.06.22-14.17.34:457][958]LogModuleManager: Shutting down and abandoning module AssetTags (284)
[2023.06.22-14.17.34:457][958]LogModuleManager: Shutting down and abandoning module ArchVisCharacter (282)
[2023.06.22-14.17.34:457][958]LogModuleManager: Shutting down and abandoning module AppleImageUtils (280)
[2023.06.22-14.17.34:457][958]LogModuleManager: Shutting down and abandoning module AndroidPermission (278)
[2023.06.22-14.17.34:457][958]LogModuleManager: Shutting down and abandoning module ActorLayerUtilities (276)
[2023.06.22-14.17.34:457][958]LogModuleManager: Shutting down and abandoning module MediaCompositing (274)
[2023.06.22-14.17.34:457][958]LogModuleManager: Shutting down and abandoning module ImgMedia (272)
[2023.06.22-14.17.34:457][958]LogModuleManager: Shutting down and abandoning module MagicLeapLightEstimation (270)
[2023.06.22-14.17.34:457][958]LogModuleManager: Shutting down and abandoning module MagicLeapHelperVulkan (268)
[2023.06.22-14.17.34:457][958]LogModuleManager: Shutting down and abandoning module MagicLeapHelperOpenGL (266)
[2023.06.22-14.17.34:457][958]LogModuleManager: Shutting down and abandoning module MagicLeapAudio (264)
[2023.06.22-14.17.34:457][958]LogModuleManager: Shutting down and abandoning module MagicLeapSharedWorld (262)
[2023.06.22-14.17.34:457][958]LogModuleManager: Shutting down and abandoning module OpenImageDenoise (260)
[2023.06.22-14.17.34:457][958]LogModuleManager: Shutting down and abandoning module MotoSynth (258)
[2023.06.22-14.17.34:457][958]LogModuleManager: Shutting down and abandoning module ChaosNiagara (256)
[2023.06.22-14.17.34:457][958]LogModuleManager: Shutting down and abandoning module ProceduralMeshComponent (254)
[2023.06.22-14.17.34:457][958]LogModuleManager: Shutting down and abandoning module GeometryCollectionTracks (252)
[2023.06.22-14.17.34:457][958]LogModuleManager: Shutting down and abandoning module EditableMesh (250)
[2023.06.22-14.17.34:457][958]LogModuleManager: Shutting down and abandoning module MeshConversion (248)
[2023.06.22-14.17.34:457][958]LogModuleManager: Shutting down and abandoning module DynamicMesh (246)
[2023.06.22-14.17.34:457][958]LogModuleManager: Shutting down and abandoning module GeometryAlgorithms (244)
[2023.06.22-14.17.34:457][958]LogModuleManager: Shutting down and abandoning module GeometricObjects (242)
[2023.06.22-14.17.34:457][958]LogModuleManager: Shutting down and abandoning module BackChannel (240)
[2023.06.22-14.17.34:457][958]LogModuleManager: Shutting down and abandoning module AutomationUtils (238)
[2023.06.22-14.17.34:457][958]LogModuleManager: Shutting down and abandoning module GeometryCacheTracks (236)
[2023.06.22-14.17.34:457][958]LogModuleManager: Shutting down and abandoning module GeometryCache (234)
[2023.06.22-14.17.34:457][958]LogModuleManager: Shutting down and abandoning module UObjectPlugin (232)
[2023.06.22-14.17.34:457][958]LogModuleManager: Shutting down and abandoning module OodleNetworkHandlerComponent (230)
[2023.06.22-14.17.34:457][958]LogModuleManager: Shutting down and abandoning module TemplateSequence (228)
[2023.06.22-14.17.34:457][958]LogModuleManager: Shutting down and abandoning module Landmass (226)
[2023.06.22-14.17.34:457][958]LogModuleManager: Shutting down and abandoning module AudioSynesthesia (224)
[2023.06.22-14.17.34:457][958]LogModuleManager: Shutting down and abandoning module AudioSynesthesiaCore (222)
[2023.06.22-14.17.34:457][958]LogModuleManager: Shutting down and abandoning module SoundFields (220)
[2023.06.22-14.17.34:457][958]LogModuleManager: Shutting down and abandoning module RuntimePhysXCooking (218)
[2023.06.22-14.17.34:457][958]LogModuleManager: Shutting down and abandoning module LocationServicesBPLibrary (214)
[2023.06.22-14.17.34:457][958]LogModuleManager: Shutting down and abandoning module ActorSequence (212)
[2023.06.22-14.17.34:457][958]LogModuleManager: Shutting down and abandoning module UdpMessaging (210)
[2023.06.22-14.17.34:457][958]LogModuleManager: Shutting down and abandoning module TcpMessaging (208)
[2023.06.22-14.17.34:457][958]LogModuleManager: Shutting down and abandoning module ImgMediaEngine (206)
[2023.06.22-14.17.34:457][958]LogModuleManager: Shutting down and abandoning module MagicLeapHandMeshing (204)
[2023.06.22-14.17.34:457][958]LogModuleManager: Shutting down and abandoning module MagicLeapSecureStorage (202)
[2023.06.22-14.17.34:457][958]LogModuleManager: Shutting down and abandoning module MagicLeapPrivileges (200)
[2023.06.22-14.17.34:457][958]LogModuleManager: Shutting down and abandoning module MagicLeapPlanes (198)
[2023.06.22-14.17.34:457][958]LogModuleManager: Shutting down and abandoning module MagicLeapImageTracker (196)
[2023.06.22-14.17.34:457][958]LogModuleManager: Shutting down and abandoning module MagicLeapIdentity (194)
[2023.06.22-14.17.34:457][958]LogModuleManager: Shutting down and abandoning module MagicLeapHandTracking (192)
[2023.06.22-14.17.34:457][958]LogModuleManager: Shutting down and abandoning module MagicLeapEyeTracker (190)
[2023.06.22-14.17.34:457][958]LogModuleManager: Shutting down and abandoning module MagicLeapController (188)
[2023.06.22-14.17.34:457][958]LogModuleManager: Shutting down and abandoning module MagicLeapARPinImpl (186)
[2023.06.22-14.17.34:457][958]LogModuleManager: Shutting down and abandoning module MagicLeapAR (184)
[2023.06.22-14.17.34:457][958]LogModuleManager: Shutting down and abandoning module MagicLeapARPin (182)
[2023.06.22-14.17.34:457][958]LogModuleManager: Shutting down and abandoning module NiagaraAnimNotifies (180)
[2023.06.22-14.17.34:457][958]LogModuleManager: Shutting down and abandoning module Niagara (178)
[2023.06.22-14.17.34:458][958]LogModuleManager: Shutting down and abandoning module SignalProcessing (177)
[2023.06.22-14.17.34:458][958]LogModuleManager: Shutting down and abandoning module NiagaraCore (174)
[2023.06.22-14.17.34:458][958]LogModuleManager: Shutting down and abandoning module FacialAnimation (172)
[2023.06.22-14.17.34:458][958]LogModuleManager: Shutting down and abandoning module SignificanceManager (170)
[2023.06.22-14.17.34:458][958]LogModuleManager: Shutting down and abandoning module AnimationSharing (168)
[2023.06.22-14.17.34:458][958]LogModuleManager: Shutting down and abandoning module GameplayCameras (166)
[2023.06.22-14.17.34:458][958]LogModuleManager: Shutting down and abandoning module LightPropagationVolumeRuntime (164)
[2023.06.22-14.17.34:458][958]LogModuleManager: Shutting down and abandoning module Paper2D (162)
[2023.06.22-14.17.34:458][958]LogModuleManager: Shutting down and abandoning module WindowsMoviePlayer (160)
[2023.06.22-14.17.34:458][958]LogModuleManager: Shutting down and abandoning module WebMMoviePlayer (158)
[2023.06.22-14.17.34:458][958]LogModuleManager: Shutting down and abandoning module NetworkReplayStreaming (156)
[2023.06.22-14.17.34:458][958]LogModuleManager: Shutting down and abandoning module PacketHandler (154)
[2023.06.22-14.17.34:458][958]LogModuleManager: Shutting down and abandoning module ClothingSystemRuntimeNv (152)
[2023.06.22-14.17.34:458][958]LogModuleManager: Shutting down and abandoning module MediaAssets (150)
[2023.06.22-14.17.34:458][958]LogModuleManager: Shutting down and abandoning module Overlay (148)
[2023.06.22-14.17.34:458][958]LogModuleManager: Shutting down and abandoning module FunctionalTesting (146)
[2023.06.22-14.17.34:458][958]LogModuleManager: Shutting down and abandoning module MessageLog (144)
[2023.06.22-14.17.34:458][958]LogModuleManager: Shutting down and abandoning module UMG (142)
[2023.06.22-14.17.34:458][958]LogModuleManager: Shutting down and abandoning module SlateReflector (140)
[2023.06.22-14.17.34:458][958]LogModuleManager: Shutting down and abandoning module Slate (138)
[2023.06.22-14.17.34:458][958]LogModuleManager: Shutting down and abandoning module SlateCore (136)
[2023.06.22-14.17.34:459][958]LogModuleManager: Shutting down and abandoning module MRMesh (134)
[2023.06.22-14.17.34:459][958]LogModuleManager: Shutting down and abandoning module Messaging (132)
[2023.06.22-14.17.34:459][958]LogModuleManager: Shutting down and abandoning module HeadMountedDisplay (130)
[2023.06.22-14.17.34:459][958]LogModuleManager: Shutting down and abandoning module XAudio2 (128)
[2023.06.22-14.17.34:459][958]LogModuleManager: Shutting down and abandoning module Networking (126)
[2023.06.22-14.17.34:459][958]LogModuleManager: Shutting down and abandoning module Core (124)
[2023.06.22-14.17.34:459][958]LogModuleManager: Shutting down and abandoning module FieldSystemEngine (122)
[2023.06.22-14.17.34:459][958]LogModuleManager: Shutting down and abandoning module ImageWrapper (118)
[2023.06.22-14.17.34:459][958]LogModuleManager: Shutting down and abandoning module D3D11RHI (116)
[2023.06.22-14.17.34:459][958]LogModuleManager: Shutting down and abandoning module InputCore (114)
[2023.06.22-14.17.34:459][958]LogModuleManager: Shutting down and abandoning module Settings (112)
[2023.06.22-14.17.34:459][958]LogModuleManager: Shutting down and abandoning module PhysXCooking (110)
[2023.06.22-14.17.34:459][958]LogModuleManager: Shutting down and abandoning module Chaos (108)
[2023.06.22-14.17.34:459][958]LogModuleManager: Shutting down and abandoning module WindowsPlatformFeatures (106)
[2023.06.22-14.17.34:459][958]LogModuleManager: Shutting down and abandoning module GameplayMediaEncoder (105)
[2023.06.22-14.17.34:459][958]LogModuleManager: Shutting down and abandoning module AVEncoder (104)
[2023.06.22-14.17.34:459][958]LogModuleManager: Shutting down and abandoning module SteamVRInputDevice (100)
[2023.06.22-14.17.34:459][958]LogModuleManager: Shutting down and abandoning module SteamVRInput (98)
[2023.06.22-14.17.34:459][958]LogModuleManager: Shutting down and abandoning module SteamVR (96)
[2023.06.22-14.17.34:459][958]LogHMD: Freeing OpenVRDLLHandle.
[2023.06.22-14.17.34:459][958]LogModuleManager: Shutting down and abandoning module OpenXRHandTracking (94)
[2023.06.22-14.17.34:459][958]LogSlate: Slate User Destroyed.  User Index 0, Is Virtual User: 0
[2023.06.22-14.17.34:459][958]LogModuleManager: Shutting down and abandoning module OpenXRAR (92)
[2023.06.22-14.17.34:459][958]LogModuleManager: Shutting down and abandoning module AugmentedReality (91)
[2023.06.22-14.17.34:459][958]LogModuleManager: Shutting down and abandoning module OpenXRHMD (88)
[2023.06.22-14.17.34:459][958]LogModuleManager: Shutting down and abandoning module OpenXREyeTracker (86)
[2023.06.22-14.17.34:459][958]LogModuleManager: Shutting down and abandoning module OculusHMD (84)
[2023.06.22-14.17.34:459][958]LogModuleManager: Shutting down and abandoning module ExampleDeviceProfileSelector (82)
[2023.06.22-14.17.34:459][958]LogModuleManager: Shutting down and abandoning module ChunkDownloader (80)
[2023.06.22-14.17.34:459][958]LogModuleManager: Shutting down and abandoning module LauncherChunkInstaller (78)
[2023.06.22-14.17.34:459][958]LogModuleManager: Shutting down and abandoning module OnlineSubsystem (74)
[2023.06.22-14.17.34:460][958]LogModuleManager: Shutting down and abandoning module HTTP (69)
[2023.06.22-14.17.34:460][958]LogHttp: Display: cleaning up 0 outstanding Http requests.
[2023.06.22-14.17.34:484][958]LogModuleManager: Shutting down and abandoning module SSL (68)
[2023.06.22-14.17.34:484][958]LogModuleManager: Shutting down and abandoning module WmfMedia (64)
[2023.06.22-14.17.34:485][958]LogModuleManager: Shutting down and abandoning module Media (63)
[2023.06.22-14.17.34:485][958]LogModuleManager: Shutting down and abandoning module MediaInfo (62)
[2023.06.22-14.17.34:485][958]LogModuleManager: Shutting down and abandoning module ExrReaderGpu (58)
[2023.06.22-14.17.34:485][958]LogModuleManager: Shutting down and abandoning module MLSDK (56)
[2023.06.22-14.17.34:485][958]LogModuleManager: Shutting down and abandoning module MagicLeap (54)
[2023.06.22-14.17.34:485][958]LogModuleManager: Shutting down and abandoning module NiagaraVertexFactories (52)
[2023.06.22-14.17.34:485][958]LogModuleManager: Shutting down and abandoning module NiagaraShader (50)
[2023.06.22-14.17.34:485][958]LogModuleManager: Shutting down and abandoning module ChaosCloth (48)
[2023.06.22-14.17.34:485][958]LogModuleManager: Shutting down and abandoning module VariantManagerContent (46)
[2023.06.22-14.17.34:485][958]LogModuleManager: Shutting down and abandoning module DatasmithContent (44)
[2023.06.22-14.17.34:485][958]LogModuleManager: Shutting down and abandoning module PixWinPlugin (42)
[2023.06.22-14.17.34:485][958]LogModuleManager: Shutting down and abandoning module AISupportModule (40)
[2023.06.22-14.17.34:485][958]LogModuleManager: Shutting down and abandoning module Volumetrics (38)
[2023.06.22-14.17.34:485][958]LogModuleManager: Shutting down and abandoning module PlatformCryptoOpenSSL (36)
[2023.06.22-14.17.34:485][958]LogModuleManager: Shutting down and abandoning module PlatformCryptoTypes (34)
[2023.06.22-14.17.34:485][958]LogModuleManager: Shutting down and abandoning module PlatformCrypto (32)
[2023.06.22-14.17.34:485][958]LogModuleManager: Shutting down and abandoning module PythonScriptPluginPreload (30)
[2023.06.22-14.17.34:485][958]LogModuleManager: Shutting down and abandoning module OodleDataCompressionFormat (28)
[2023.06.22-14.17.34:485][958]LogModuleManager: Shutting down and abandoning module RenderCore (26)
[2023.06.22-14.17.34:485][958]LogModuleManager: Shutting down and abandoning module Landscape (24)
[2023.06.22-14.17.34:485][958]LogModuleManager: Shutting down and abandoning module SlateRHIRenderer (22)
[2023.06.22-14.17.34:486][958]LogModuleManager: Shutting down and abandoning module AnimGraphRuntime (20)
[2023.06.22-14.17.34:486][958]LogModuleManager: Shutting down and abandoning module Renderer (18)
[2023.06.22-14.17.34:486][958]LogModuleManager: Shutting down and abandoning module Engine (16)
[2023.06.22-14.17.34:486][958]LogModuleManager: Shutting down and abandoning module CoreUObject (14)
[2023.06.22-14.17.34:486][958]LogModuleManager: Shutting down and abandoning module NetworkFile (12)
[2023.06.22-14.17.34:486][958]LogModuleManager: Shutting down and abandoning module CookedIterativeFile (10)
[2023.06.22-14.17.34:486][958]LogModuleManager: Shutting down and abandoning module StreamingFile (8)
[2023.06.22-14.17.34:486][958]LogModuleManager: Shutting down and abandoning module SandboxFile (6)
[2023.06.22-14.17.34:486][958]LogModuleManager: Shutting down and abandoning module PakFile (4)
[2023.06.22-14.17.34:487][958]LogModuleManager: Shutting down and abandoning module RSA (3)
[2023.06.22-14.17.34:488][958]LogContentStreaming: Display: There are 1 unreleased StreamingManagers
[2023.06.22-14.17.34:494][958]LogD3D11RHI: Shutdown
[2023.06.22-14.17.34:494][958]LogD3D11RHI: CleanupD3DDevice
[2023.06.22-14.17.34:501][958]LogExit: Exiting.
[2023.06.22-14.17.34:523][958]Log file closed, 06/22/23 23:17:34
